[h264 @ 0x5e1eb727a100] non-existing PPS 0 referenced
    Last message repeated 1 times
[h264 @ 0x5e1eb727a100] decode_slice_header error
[h264 @ 0x5e1eb727a100] no frame!
[h264 @ 0x5e1eb727a100] non-existing PPS 0 referenced
    Last message repeated 1 times
[h264 @ 0x5e1eb727a100] decode_slice_header error
[h264 @ 0x5e1eb727a100] no frame!
[h264 @ 0x5e1eb727a100] non-existing PPS 0 referenced
    Last message repeated 1 times
[h264 @ 0x5e1eb727a100] decode_slice_header error
[h264 @ 0x5e1eb727a100] no frame!
[h264 @ 0x5e1eb727a100] non-existing PPS 0 referenced
    Last message repeated 1 times
[h264 @ 0x5e1eb727a100] decode_slice_header error
[h264 @ 0x5e1eb727a100] no frame!
[h264 @ 0x5e1eb727a100] non-existing PPS 0 referenced
    Last message repeated 1 times
[h264 @ 0x5e1eb727a100] decode_slice_header error
[h264 @ 0x5e1eb727a100] no frame!
[h264 @ 0x5e1eb727a100] non-existing PPS 0 referenced
    Last message repeated 1 times
[h264 @ 0x5e1eb727a100] decode_slice_header error
[h264 @ 0x5e1eb727a100] no frame!
[h264 @ 0x5e1eb727a100] non-existing PPS 0 referenced
    Last message repeated 1 times
[h264 @ 0x5e1eb727a100] decode_slice_header error
[h264 @ 0x5e1eb727a100] no frame!
[h264 @ 0x5e1eb727a100] non-existing PPS 0 referenced
    Last message repeated 1 times
[h264 @ 0x5e1eb727a100] decode_slice_header error
[h264 @ 0x5e1eb727a100] no frame!
[h264 @ 0x5e1eb727a100] non-existing PPS 0 referenced
    Last message repeated 1 times
[h264 @ 0x5e1eb727a100] decode_slice_header error
[h264 @ 0x5e1eb727a100] no frame!
[h264 @ 0x5e1eb727a100] non-existing PPS 0 referenced
    Last message repeated 1 times
[h264 @ 0x5e1eb727a100] decode_slice_header error
[h264 @ 0x5e1eb727a100] no frame!
[h264 @ 0x5e1eb727a100] non-existing PPS 0 referenced
    Last message repeated 1 times
[h264 @ 0x5e1eb727a100] decode_slice_header error
[h264 @ 0x5e1eb727a100] no frame!
[h264 @ 0x5e1eb727a100] non-existing PPS 0 referenced
    Last message repeated 1 times
[h264 @ 0x5e1eb727a100] decode_slice_header error
[h264 @ 0x5e1eb727a100] no frame!
[h264 @ 0x5e1eb727a100] non-existing PPS 0 referenced
    Last message repeated 1 times
[h264 @ 0x5e1eb727a100] decode_slice_header error
[h264 @ 0x5e1eb727a100] no frame!
[h264 @ 0x5e1eb727a100] non-existing PPS 0 referenced
    Last message repeated 1 times
[h264 @ 0x5e1eb727a100] decode_slice_header error
[h264 @ 0x5e1eb727a100] no frame!
[h264 @ 0x5e1eb727a100] non-existing PPS 0 referenced
    Last message repeated 1 times
[h264 @ 0x5e1eb727a100] decode_slice_header error
[h264 @ 0x5e1eb727a100] no frame!
[h264 @ 0x5e1eb727a100] non-existing PPS 0 referenced
    Last message repeated 1 times
[h264 @ 0x5e1eb727a100] decode_slice_header error
[h264 @ 0x5e1eb727a100] no frame!
[h264 @ 0x5e1eb727a100] non-existing PPS 0 referenced
    Last message repeated 1 times
[h264 @ 0x5e1eb727a100] decode_slice_header error
[h264 @ 0x5e1eb727a100] no frame!
[h264 @ 0x5e1eb727a100] non-existing PPS 0 referenced
    Last message repeated 1 times
[h264 @ 0x5e1eb727a100] decode_slice_header error
[h264 @ 0x5e1eb727a100] no frame!
[h264 @ 0x5e1eb727a100] non-existing PPS 0 referenced
    Last message repeated 1 times
[h264 @ 0x5e1eb727a100] decode_slice_header error
[h264 @ 0x5e1eb727a100] no frame!
[h264 @ 0x5e1eb727a100] non-existing PPS 0 referenced
    Last message repeated 1 times
[h264 @ 0x5e1eb727a100] decode_slice_header error
[h264 @ 0x5e1eb727a100] no frame!
[h264 @ 0x5e1eb727a100] non-existing PPS 0 referenced
    Last message repeated 1 times
[h264 @ 0x5e1eb727a100] decode_slice_header error
[h264 @ 0x5e1eb727a100] no frame!
[h264 @ 0x5e1eb727a100] non-existing PPS 0 referenced
    Last message repeated 1 times
[h264 @ 0x5e1eb727a100] decode_slice_header error
[h264 @ 0x5e1eb727a100] no frame!
[h264 @ 0x5e1eb727a100] non-existing PPS 0 referenced
    Last message repeated 1 times
[h264 @ 0x5e1eb727a100] decode_slice_header error
[h264 @ 0x5e1eb727a100] no frame!
[h264 @ 0x5e1eb727a100] non-existing PPS 0 referenced
    Last message repeated 1 times
[h264 @ 0x5e1eb727a100] decode_slice_header error
[h264 @ 0x5e1eb727a100] no frame!
[h264 @ 0x5e1eb727a100] non-existing PPS 0 referenced
    Last message repeated 1 times
[h264 @ 0x5e1eb727a100] decode_slice_header error
[h264 @ 0x5e1eb727a100] no frame!
[h264 @ 0x5e1eb727a100] non-existing PPS 0 referenced
    Last message repeated 1 times
[h264 @ 0x5e1eb727a100] decode_slice_header error
[h264 @ 0x5e1eb727a100] no frame!
[h264 @ 0x5e1eb727a100] non-existing PPS 0 referenced
    Last message repeated 1 times
[h264 @ 0x5e1eb727a100] decode_slice_header error
[h264 @ 0x5e1eb727a100] no frame!
[h264 @ 0x5e1eb727a100] non-existing PPS 0 referenced
    Last message repeated 1 times
[h264 @ 0x5e1eb727a100] decode_slice_header error
[h264 @ 0x5e1eb727a100] no frame!
[h264 @ 0x5e1eb727a100] non-existing PPS 0 referenced
    Last message repeated 1 times
[h264 @ 0x5e1eb727a100] decode_slice_header error
[h264 @ 0x5e1eb727a100] no frame!
[h264 @ 0x5e1eb727a100] non-existing PPS 0 referenced
    Last message repeated 1 times
[h264 @ 0x5e1eb727a100] decode_slice_header error
[h264 @ 0x5e1eb727a100] no frame!
[h264 @ 0x5e1eb727a100] non-existing PPS 0 referenced
    Last message repeated 1 times
[h264 @ 0x5e1eb727a100] decode_slice_header error
[h264 @ 0x5e1eb727a100] no frame!
[h264 @ 0x5e1eb727a100] non-existing PPS 0 referenced
    Last message repeated 1 times
[h264 @ 0x5e1eb727a100] decode_slice_header error
[h264 @ 0x5e1eb727a100] no frame!
[h264 @ 0x5e1eb727a100] non-existing PPS 0 referenced
    Last message repeated 1 times
[h264 @ 0x5e1eb727a100] decode_slice_header error
[h264 @ 0x5e1eb727a100] no frame!
[h264 @ 0x5e1eb727a100] non-existing PPS 0 referenced
    Last message repeated 1 times
[h264 @ 0x5e1eb727a100] decode_slice_header error
[h264 @ 0x5e1eb727a100] no frame!
[h264 @ 0x5e1eb727a100] non-existing PPS 0 referenced
    Last message repeated 1 times
[h264 @ 0x5e1eb727a100] decode_slice_header error
[h264 @ 0x5e1eb727a100] no frame!
[h264 @ 0x5e1eb727a100] non-existing PPS 0 referenced
    Last message repeated 1 times
[h264 @ 0x5e1eb727a100] decode_slice_header error
[h264 @ 0x5e1eb727a100] no frame!
[h264 @ 0x5e1eb727a100] non-existing PPS 0 referenced
    Last message repeated 1 times
[h264 @ 0x5e1eb727a100] decode_slice_header error
[h264 @ 0x5e1eb727a100] no frame!
[h264 @ 0x5e1eb727a100] non-existing PPS 0 referenced
    Last message repeated 1 times
[h264 @ 0x5e1eb727a100] decode_slice_header error
[h264 @ 0x5e1eb727a100] no frame!
[h264 @ 0x5e1eb727a100] non-existing PPS 0 referenced
    Last message repeated 1 times
[h264 @ 0x5e1eb727a100] decode_slice_header error
[h264 @ 0x5e1eb727a100] no frame!
[h264 @ 0x5e1eb727a100] non-existing PPS 0 referenced
    Last message repeated 1 times
[h264 @ 0x5e1eb727a100] decode_slice_header error
[h264 @ 0x5e1eb727a100] no frame!
[h264 @ 0x5e1eb727a100] non-existing PPS 0 referenced
    Last message repeated 1 times
[h264 @ 0x5e1eb727a100] decode_slice_header error
[h264 @ 0x5e1eb727a100] no frame!
[h264 @ 0x5e1eb727a100] non-existing PPS 0 referenced
    Last message repeated 1 times
[h264 @ 0x5e1eb727a100] decode_slice_header error
[h264 @ 0x5e1eb727a100] no frame!
[h264 @ 0x5e1eb727a100] non-existing PPS 0 referenced
    Last message repeated 1 times
[h264 @ 0x5e1eb727a100] decode_slice_header error
[h264 @ 0x5e1eb727a100] no frame!
[h264 @ 0x5e1eb727a100] non-existing PPS 0 referenced
    Last message repeated 1 times
[h264 @ 0x5e1eb727a100] decode_slice_header error
[h264 @ 0x5e1eb727a100] no frame!
[h264 @ 0x5e1eb727a100] non-existing PPS 0 referenced
    Last message repeated 1 times
[h264 @ 0x5e1eb727a100] decode_slice_header error
[h264 @ 0x5e1eb727a100] no frame!
[h264 @ 0x5e1eb727a100] non-existing PPS 0 referenced
    Last message repeated 1 times
[h264 @ 0x5e1eb727a100] decode_slice_header error
[h264 @ 0x5e1eb727a100] no frame!
[h264 @ 0x5e1eb727a100] non-existing PPS 0 referenced
    Last message repeated 1 times
[h264 @ 0x5e1eb727a100] decode_slice_header error
[h264 @ 0x5e1eb727a100] no frame!
[h264 @ 0x5e1eb727a100] non-existing PPS 0 referenced
    Last message repeated 1 times
[h264 @ 0x5e1eb727a100] decode_slice_header error
[h264 @ 0x5e1eb727a100] no frame!
[h264 @ 0x5e1eb727a100] non-existing PPS 0 referenced
    Last message repeated 1 times
[h264 @ 0x5e1eb727a100] decode_slice_header error
[h264 @ 0x5e1eb727a100] no frame!
Input #0, mpegts, from 'http://127.0.0.1:6878/ace/getstream?id=e38b33c56332de27ff25df223cdf488b1ec6051f':
  Duration: N/A, start: 21742.546667, bitrate: N/A
  Program 1 
    Metadata:
      service_name    : Service01
      service_provider: FFmpeg
  Stream #0:0[0x100]: Video: h264 (High) ([27][0][0][0] / 0x001B), yuv420p(tv, bt709, progressive), 1920x1080, 50 fps, 50 tbr, 90k tbn
  Stream #0:1[0x101]: Audio: aac (LC) ([15][0][0][0] / 0x000F), 48000 Hz, stereo, fltp, 4 kb/s
Stream mapping:
  Stream #0:0 -> #0:0 (copy)
  Stream #0:1 -> #0:1 (aac (native) -> aac (native))
Press [q] to stop, [?] for help
Output #0, flv, to 'rtmp://127.0.0.1:1935/stream/ch1':
  Metadata:
    encoder         : Lavf60.16.100
  Stream #0:0: Video: h264 (High) ([7][0][0][0] / 0x0007), yuv420p(tv, bt709, progressive), 1920x1080, q=2-31, 50 fps, 50 tbr, 1k tbn
  Stream #0:1: Audio: aac (LC) ([10][0][0][0] / 0x000A), 48000 Hz, stereo, fltp, 128 kb/s
    Metadata:
      encoder         : Lavc60.31.102 aac
size=       0kB time=N/A bitrate=N/A speed=N/A    size=       0kB time=00:00:00.98 bitrate=   3.4kbits/s speed=1.93x    size=    1024kB time=00:00:01.51 bitrate=5541.2kbits/s speed=1.49x    size=    1047kB time=00:00:02.01 bitrate=4259.5kbits/s speed=1.32x    size=    2072kB time=00:00:02.53 bitrate=6700.4kbits/s speed=1.24x    size=    2092kB time=00:00:03.03 bitrate=5650.3kbits/s speed=1.19x    size=    3118kB time=00:00:03.55 bitrate=7188.2kbits/s speed=1.16x    size=    3140kB time=00:00:04.07 bitrate=6314.9kbits/s speed=1.14x    size=    4165kB time=00:00:04.57 bitrate=7461.1kbits/s speed=1.12x    size=    5189kB time=00:00:05.09 bitrate=8346.1kbits/s speed=1.11x    size=    5211kB time=00:00:05.59 bitrate=7631.7kbits/s speed=1.09x    size=    6239kB time=00:00:06.11 bitrate=8359.9kbits/s speed=1.09x    size=    6260kB time=00:00:06.63 bitrate=7731.0kbits/s speed=1.08x    size=    7283kB time=00:00:07.13 bitrate=8364.0kbits/s speed=1.07x    size=    7305kB time=00:00:07.65 bitrate=7819.5kbits/s speed=1.07x    size=    8333kB time=00:00:08.15 bitrate=8372.3kbits/s speed=1.06x    size=    8354kB time=00:00:08.67 bitrate=7890.2kbits/s speed=1.06x    size=    9376kB time=00:00:09.19 bitrate=8355.2kbits/s speed=1.06x    size=    9399kB time=00:00:09.69 bitrate=7943.4kbits/s speed=1.05x    [mpegts @ 0x5e1eb72618c0] Packet corrupt (stream = 0, dts = NOPTS).
[aist#0:1/aac @ 0x5e1eb727ec40] timestamp discontinuity (stream id=257): 73703131023, new offset= -73703131023
[flv @ 0x5e1eb72737c0] Failed to update header with correct duration.
[flv @ 0x5e1eb72737c0] Failed to update header with correct filesize.
[out#0/flv @ 0x5e1eb72b13c0] video:9396kB audio:4kB subtitle:0kB other streams:0kB global headers:0kB muxing overhead: 0.181271%
size=    9416kB time=00:00:10.00 bitrate=7709.7kbits/s speed=0.000243x    
[vist#0:0/h264 @ 0x5e1eb72bab00] timestamp discontinuity (stream id=256): -73703131022, new offset= -1
[aist#0:1/aac @ 0x5e1eb727ec40] timestamp discontinuity (stream id=257): 73703131023, new offset= -73703131024
[aac @ 0x5e1eb75064c0] Qavg: 65410.582
Exiting normally, received signal 15.
