[h264 @ 0x5b34afa2b780] sps_id 0 out of range
[h264 @ 0x5b34afa2b780] non-existing PPS 0 referenced
[h264 @ 0x5b34afa2b780] sps_id 0 out of range
[h264 @ 0x5b34afa2b780] non-existing PPS 0 referenced
[h264 @ 0x5b34afa2b780] decode_slice_header error
[h264 @ 0x5b34afa2b780] non-existing PPS 0 referenced
[h264 @ 0x5b34afa2b780] decode_slice_header error
[h264 @ 0x5b34afa2b780] non-existing PPS 0 referenced
[h264 @ 0x5b34afa2b780] decode_slice_header error
[h264 @ 0x5b34afa2b780] non-existing PPS 0 referenced
[h264 @ 0x5b34afa2b780] decode_slice_header error
[h264 @ 0x5b34afa2b780] non-existing PPS 0 referenced
[h264 @ 0x5b34afa2b780] decode_slice_header error
[h264 @ 0x5b34afa2b780] non-existing PPS 0 referenced
[h264 @ 0x5b34afa2b780] decode_slice_header error
[h264 @ 0x5b34afa2b780] non-existing PPS 0 referenced
[h264 @ 0x5b34afa2b780] decode_slice_header error
[h264 @ 0x5b34afa2b780] non-existing PPS 0 referenced
[h264 @ 0x5b34afa2b780] decode_slice_header error
[h264 @ 0x5b34afa2b780] non-existing PPS 0 referenced
[h264 @ 0x5b34afa2b780] decode_slice_header error
[h264 @ 0x5b34afa2b780] no frame!
[h264 @ 0x5b34afa2b780] sps_id 0 out of range
[h264 @ 0x5b34afa2b780] non-existing PPS 0 referenced
[h264 @ 0x5b34afa2b780] sps_id 0 out of range
[h264 @ 0x5b34afa2b780] non-existing PPS 0 referenced
[h264 @ 0x5b34afa2b780] decode_slice_header error
[h264 @ 0x5b34afa2b780] non-existing PPS 0 referenced
[h264 @ 0x5b34afa2b780] decode_slice_header error
[h264 @ 0x5b34afa2b780] non-existing PPS 0 referenced
[h264 @ 0x5b34afa2b780] decode_slice_header error
[h264 @ 0x5b34afa2b780] non-existing PPS 0 referenced
[h264 @ 0x5b34afa2b780] decode_slice_header error
[h264 @ 0x5b34afa2b780] non-existing PPS 0 referenced
[h264 @ 0x5b34afa2b780] decode_slice_header error
[h264 @ 0x5b34afa2b780] non-existing PPS 0 referenced
[h264 @ 0x5b34afa2b780] decode_slice_header error
[h264 @ 0x5b34afa2b780] non-existing PPS 0 referenced
[h264 @ 0x5b34afa2b780] decode_slice_header error
[h264 @ 0x5b34afa2b780] non-existing PPS 0 referenced
[h264 @ 0x5b34afa2b780] decode_slice_header error
[h264 @ 0x5b34afa2b780] non-existing PPS 0 referenced
[h264 @ 0x5b34afa2b780] decode_slice_header error
[h264 @ 0x5b34afa2b780] no frame!
[h264 @ 0x5b34afa2b780] sps_id 0 out of range
[h264 @ 0x5b34afa2b780] non-existing PPS 0 referenced
[h264 @ 0x5b34afa2b780] sps_id 0 out of range
[h264 @ 0x5b34afa2b780] non-existing PPS 0 referenced
[h264 @ 0x5b34afa2b780] decode_slice_header error
[h264 @ 0x5b34afa2b780] non-existing PPS 0 referenced
[h264 @ 0x5b34afa2b780] decode_slice_header error
[h264 @ 0x5b34afa2b780] non-existing PPS 0 referenced
[h264 @ 0x5b34afa2b780] decode_slice_header error
[h264 @ 0x5b34afa2b780] non-existing PPS 0 referenced
[h264 @ 0x5b34afa2b780] decode_slice_header error
[h264 @ 0x5b34afa2b780] non-existing PPS 0 referenced
[h264 @ 0x5b34afa2b780] decode_slice_header error
[h264 @ 0x5b34afa2b780] non-existing PPS 0 referenced
[h264 @ 0x5b34afa2b780] decode_slice_header error
[h264 @ 0x5b34afa2b780] non-existing PPS 0 referenced
[h264 @ 0x5b34afa2b780] decode_slice_header error
[h264 @ 0x5b34afa2b780] non-existing PPS 0 referenced
[h264 @ 0x5b34afa2b780] decode_slice_header error
[h264 @ 0x5b34afa2b780] non-existing PPS 0 referenced
[h264 @ 0x5b34afa2b780] decode_slice_header error
[h264 @ 0x5b34afa2b780] no frame!
[h264 @ 0x5b34afa2b780] sps_id 0 out of range
[h264 @ 0x5b34afa2b780] non-existing PPS 0 referenced
[h264 @ 0x5b34afa2b780] sps_id 0 out of range
[h264 @ 0x5b34afa2b780] non-existing PPS 0 referenced
[h264 @ 0x5b34afa2b780] decode_slice_header error
[h264 @ 0x5b34afa2b780] non-existing PPS 0 referenced
[h264 @ 0x5b34afa2b780] decode_slice_header error
[h264 @ 0x5b34afa2b780] non-existing PPS 0 referenced
[h264 @ 0x5b34afa2b780] decode_slice_header error
[h264 @ 0x5b34afa2b780] non-existing PPS 0 referenced
[h264 @ 0x5b34afa2b780] decode_slice_header error
[h264 @ 0x5b34afa2b780] non-existing PPS 0 referenced
[h264 @ 0x5b34afa2b780] decode_slice_header error
[h264 @ 0x5b34afa2b780] non-existing PPS 0 referenced
[h264 @ 0x5b34afa2b780] decode_slice_header error
[h264 @ 0x5b34afa2b780] non-existing PPS 0 referenced
[h264 @ 0x5b34afa2b780] decode_slice_header error
[h264 @ 0x5b34afa2b780] non-existing PPS 0 referenced
[h264 @ 0x5b34afa2b780] decode_slice_header error
[h264 @ 0x5b34afa2b780] non-existing PPS 0 referenced
[h264 @ 0x5b34afa2b780] decode_slice_header error
[h264 @ 0x5b34afa2b780] no frame!
[h264 @ 0x5b34afa2b780] sps_id 0 out of range
[h264 @ 0x5b34afa2b780] non-existing PPS 0 referenced
[h264 @ 0x5b34afa2b780] sps_id 0 out of range
[h264 @ 0x5b34afa2b780] non-existing PPS 0 referenced
[h264 @ 0x5b34afa2b780] decode_slice_header error
[h264 @ 0x5b34afa2b780] non-existing PPS 0 referenced
[h264 @ 0x5b34afa2b780] decode_slice_header error
[h264 @ 0x5b34afa2b780] non-existing PPS 0 referenced
[h264 @ 0x5b34afa2b780] decode_slice_header error
[h264 @ 0x5b34afa2b780] non-existing PPS 0 referenced
[h264 @ 0x5b34afa2b780] decode_slice_header error
[h264 @ 0x5b34afa2b780] non-existing PPS 0 referenced
[h264 @ 0x5b34afa2b780] decode_slice_header error
[h264 @ 0x5b34afa2b780] non-existing PPS 0 referenced
[h264 @ 0x5b34afa2b780] decode_slice_header error
[h264 @ 0x5b34afa2b780] non-existing PPS 0 referenced
[h264 @ 0x5b34afa2b780] decode_slice_header error
[h264 @ 0x5b34afa2b780] non-existing PPS 0 referenced
[h264 @ 0x5b34afa2b780] decode_slice_header error
[h264 @ 0x5b34afa2b780] non-existing PPS 0 referenced
[h264 @ 0x5b34afa2b780] decode_slice_header error
[h264 @ 0x5b34afa2b780] no frame!
[h264 @ 0x5b34afa2b780] sps_id 0 out of range
[h264 @ 0x5b34afa2b780] non-existing PPS 0 referenced
[h264 @ 0x5b34afa2b780] sps_id 0 out of range
[h264 @ 0x5b34afa2b780] non-existing PPS 0 referenced
[h264 @ 0x5b34afa2b780] decode_slice_header error
[h264 @ 0x5b34afa2b780] non-existing PPS 0 referenced
[h264 @ 0x5b34afa2b780] decode_slice_header error
[h264 @ 0x5b34afa2b780] non-existing PPS 0 referenced
[h264 @ 0x5b34afa2b780] decode_slice_header error
[h264 @ 0x5b34afa2b780] non-existing PPS 0 referenced
[h264 @ 0x5b34afa2b780] decode_slice_header error
[h264 @ 0x5b34afa2b780] non-existing PPS 0 referenced
[h264 @ 0x5b34afa2b780] decode_slice_header error
[h264 @ 0x5b34afa2b780] non-existing PPS 0 referenced
[h264 @ 0x5b34afa2b780] decode_slice_header error
[h264 @ 0x5b34afa2b780] non-existing PPS 0 referenced
[h264 @ 0x5b34afa2b780] decode_slice_header error
[h264 @ 0x5b34afa2b780] non-existing PPS 0 referenced
[h264 @ 0x5b34afa2b780] decode_slice_header error
[h264 @ 0x5b34afa2b780] non-existing PPS 0 referenced
[h264 @ 0x5b34afa2b780] decode_slice_header error
[h264 @ 0x5b34afa2b780] no frame!
[h264 @ 0x5b34afa2b780] sps_id 0 out of range
[h264 @ 0x5b34afa2b780] non-existing PPS 0 referenced
[h264 @ 0x5b34afa2b780] sps_id 0 out of range
[h264 @ 0x5b34afa2b780] non-existing PPS 0 referenced
[h264 @ 0x5b34afa2b780] decode_slice_header error
[h264 @ 0x5b34afa2b780] non-existing PPS 0 referenced
[h264 @ 0x5b34afa2b780] decode_slice_header error
[h264 @ 0x5b34afa2b780] non-existing PPS 0 referenced
[h264 @ 0x5b34afa2b780] decode_slice_header error
[h264 @ 0x5b34afa2b780] non-existing PPS 0 referenced
[h264 @ 0x5b34afa2b780] decode_slice_header error
[h264 @ 0x5b34afa2b780] non-existing PPS 0 referenced
[h264 @ 0x5b34afa2b780] decode_slice_header error
[h264 @ 0x5b34afa2b780] non-existing PPS 0 referenced
[h264 @ 0x5b34afa2b780] decode_slice_header error
[h264 @ 0x5b34afa2b780] non-existing PPS 0 referenced
[h264 @ 0x5b34afa2b780] decode_slice_header error
[h264 @ 0x5b34afa2b780] non-existing PPS 0 referenced
[h264 @ 0x5b34afa2b780] decode_slice_header error
[h264 @ 0x5b34afa2b780] non-existing PPS 0 referenced
[h264 @ 0x5b34afa2b780] decode_slice_header error
[h264 @ 0x5b34afa2b780] no frame!
[h264 @ 0x5b34afa2b780] sps_id 0 out of range
[h264 @ 0x5b34afa2b780] non-existing PPS 0 referenced
[h264 @ 0x5b34afa2b780] sps_id 0 out of range
[h264 @ 0x5b34afa2b780] non-existing PPS 0 referenced
[h264 @ 0x5b34afa2b780] decode_slice_header error
[h264 @ 0x5b34afa2b780] non-existing PPS 0 referenced
[h264 @ 0x5b34afa2b780] decode_slice_header error
[h264 @ 0x5b34afa2b780] non-existing PPS 0 referenced
[h264 @ 0x5b34afa2b780] decode_slice_header error
[h264 @ 0x5b34afa2b780] non-existing PPS 0 referenced
[h264 @ 0x5b34afa2b780] decode_slice_header error
[h264 @ 0x5b34afa2b780] non-existing PPS 0 referenced
[h264 @ 0x5b34afa2b780] decode_slice_header error
[h264 @ 0x5b34afa2b780] non-existing PPS 0 referenced
[h264 @ 0x5b34afa2b780] decode_slice_header error
[h264 @ 0x5b34afa2b780] non-existing PPS 0 referenced
[h264 @ 0x5b34afa2b780] decode_slice_header error
[h264 @ 0x5b34afa2b780] non-existing PPS 0 referenced
[h264 @ 0x5b34afa2b780] decode_slice_header error
[h264 @ 0x5b34afa2b780] non-existing PPS 0 referenced
[h264 @ 0x5b34afa2b780] decode_slice_header error
[h264 @ 0x5b34afa2b780] no frame!
[h264 @ 0x5b34afa2b780] sps_id 0 out of range
[h264 @ 0x5b34afa2b780] non-existing PPS 0 referenced
[h264 @ 0x5b34afa2b780] sps_id 0 out of range
[h264 @ 0x5b34afa2b780] non-existing PPS 0 referenced
[h264 @ 0x5b34afa2b780] decode_slice_header error
[h264 @ 0x5b34afa2b780] non-existing PPS 0 referenced
[h264 @ 0x5b34afa2b780] decode_slice_header error
[h264 @ 0x5b34afa2b780] non-existing PPS 0 referenced
[h264 @ 0x5b34afa2b780] decode_slice_header error
[h264 @ 0x5b34afa2b780] non-existing PPS 0 referenced
[h264 @ 0x5b34afa2b780] decode_slice_header error
[h264 @ 0x5b34afa2b780] non-existing PPS 0 referenced
[h264 @ 0x5b34afa2b780] decode_slice_header error
[h264 @ 0x5b34afa2b780] non-existing PPS 0 referenced
[h264 @ 0x5b34afa2b780] decode_slice_header error
[h264 @ 0x5b34afa2b780] non-existing PPS 0 referenced
[h264 @ 0x5b34afa2b780] decode_slice_header error
[h264 @ 0x5b34afa2b780] non-existing PPS 0 referenced
[h264 @ 0x5b34afa2b780] decode_slice_header error
[h264 @ 0x5b34afa2b780] non-existing PPS 0 referenced
[h264 @ 0x5b34afa2b780] decode_slice_header error
[h264 @ 0x5b34afa2b780] no frame!
[h264 @ 0x5b34afa2b780] sps_id 0 out of range
[h264 @ 0x5b34afa2b780] non-existing PPS 0 referenced
[h264 @ 0x5b34afa2b780] sps_id 0 out of range
[h264 @ 0x5b34afa2b780] non-existing PPS 0 referenced
[h264 @ 0x5b34afa2b780] decode_slice_header error
[h264 @ 0x5b34afa2b780] non-existing PPS 0 referenced
[h264 @ 0x5b34afa2b780] decode_slice_header error
[h264 @ 0x5b34afa2b780] non-existing PPS 0 referenced
[h264 @ 0x5b34afa2b780] decode_slice_header error
[h264 @ 0x5b34afa2b780] non-existing PPS 0 referenced
[h264 @ 0x5b34afa2b780] decode_slice_header error
[h264 @ 0x5b34afa2b780] non-existing PPS 0 referenced
[h264 @ 0x5b34afa2b780] decode_slice_header error
[h264 @ 0x5b34afa2b780] non-existing PPS 0 referenced
[h264 @ 0x5b34afa2b780] decode_slice_header error
[h264 @ 0x5b34afa2b780] non-existing PPS 0 referenced
[h264 @ 0x5b34afa2b780] decode_slice_header error
[h264 @ 0x5b34afa2b780] non-existing PPS 0 referenced
[h264 @ 0x5b34afa2b780] decode_slice_header error
[h264 @ 0x5b34afa2b780] non-existing PPS 0 referenced
[h264 @ 0x5b34afa2b780] decode_slice_header error
[h264 @ 0x5b34afa2b780] no frame!
[h264 @ 0x5b34afa2b780] sps_id 0 out of range
[h264 @ 0x5b34afa2b780] non-existing PPS 0 referenced
[h264 @ 0x5b34afa2b780] sps_id 0 out of range
[h264 @ 0x5b34afa2b780] non-existing PPS 0 referenced
[h264 @ 0x5b34afa2b780] decode_slice_header error
[h264 @ 0x5b34afa2b780] non-existing PPS 0 referenced
[h264 @ 0x5b34afa2b780] decode_slice_header error
[h264 @ 0x5b34afa2b780] non-existing PPS 0 referenced
[h264 @ 0x5b34afa2b780] decode_slice_header error
[h264 @ 0x5b34afa2b780] non-existing PPS 0 referenced
[h264 @ 0x5b34afa2b780] decode_slice_header error
[h264 @ 0x5b34afa2b780] non-existing PPS 0 referenced
[h264 @ 0x5b34afa2b780] decode_slice_header error
[h264 @ 0x5b34afa2b780] non-existing PPS 0 referenced
[h264 @ 0x5b34afa2b780] decode_slice_header error
[h264 @ 0x5b34afa2b780] non-existing PPS 0 referenced
[h264 @ 0x5b34afa2b780] decode_slice_header error
[h264 @ 0x5b34afa2b780] non-existing PPS 0 referenced
[h264 @ 0x5b34afa2b780] decode_slice_header error
[h264 @ 0x5b34afa2b780] non-existing PPS 0 referenced
[h264 @ 0x5b34afa2b780] decode_slice_header error
[h264 @ 0x5b34afa2b780] no frame!
[h264 @ 0x5b34afa2b780] sps_id 0 out of range
[h264 @ 0x5b34afa2b780] non-existing PPS 0 referenced
[h264 @ 0x5b34afa2b780] sps_id 0 out of range
[h264 @ 0x5b34afa2b780] non-existing PPS 0 referenced
[h264 @ 0x5b34afa2b780] decode_slice_header error
[h264 @ 0x5b34afa2b780] non-existing PPS 0 referenced
[h264 @ 0x5b34afa2b780] decode_slice_header error
[h264 @ 0x5b34afa2b780] non-existing PPS 0 referenced
[h264 @ 0x5b34afa2b780] decode_slice_header error
[h264 @ 0x5b34afa2b780] non-existing PPS 0 referenced
[h264 @ 0x5b34afa2b780] decode_slice_header error
[h264 @ 0x5b34afa2b780] non-existing PPS 0 referenced
[h264 @ 0x5b34afa2b780] decode_slice_header error
[h264 @ 0x5b34afa2b780] non-existing PPS 0 referenced
[h264 @ 0x5b34afa2b780] decode_slice_header error
[h264 @ 0x5b34afa2b780] non-existing PPS 0 referenced
[h264 @ 0x5b34afa2b780] decode_slice_header error
[h264 @ 0x5b34afa2b780] non-existing PPS 0 referenced
[h264 @ 0x5b34afa2b780] decode_slice_header error
[h264 @ 0x5b34afa2b780] non-existing PPS 0 referenced
[h264 @ 0x5b34afa2b780] decode_slice_header error
[h264 @ 0x5b34afa2b780] no frame!
[h264 @ 0x5b34afa2b780] sps_id 0 out of range
[h264 @ 0x5b34afa2b780] non-existing PPS 0 referenced
[h264 @ 0x5b34afa2b780] sps_id 0 out of range
[h264 @ 0x5b34afa2b780] non-existing PPS 0 referenced
[h264 @ 0x5b34afa2b780] decode_slice_header error
[h264 @ 0x5b34afa2b780] non-existing PPS 0 referenced
[h264 @ 0x5b34afa2b780] decode_slice_header error
[h264 @ 0x5b34afa2b780] non-existing PPS 0 referenced
[h264 @ 0x5b34afa2b780] decode_slice_header error
[h264 @ 0x5b34afa2b780] non-existing PPS 0 referenced
[h264 @ 0x5b34afa2b780] decode_slice_header error
[h264 @ 0x5b34afa2b780] non-existing PPS 0 referenced
[h264 @ 0x5b34afa2b780] decode_slice_header error
[h264 @ 0x5b34afa2b780] non-existing PPS 0 referenced
[h264 @ 0x5b34afa2b780] decode_slice_header error
[h264 @ 0x5b34afa2b780] non-existing PPS 0 referenced
[h264 @ 0x5b34afa2b780] decode_slice_header error
[h264 @ 0x5b34afa2b780] non-existing PPS 0 referenced
[h264 @ 0x5b34afa2b780] decode_slice_header error
[h264 @ 0x5b34afa2b780] non-existing PPS 0 referenced
[h264 @ 0x5b34afa2b780] decode_slice_header error
[h264 @ 0x5b34afa2b780] no frame!
[h264 @ 0x5b34afa2b780] sps_id 0 out of range
[h264 @ 0x5b34afa2b780] non-existing PPS 0 referenced
[h264 @ 0x5b34afa2b780] sps_id 0 out of range
[h264 @ 0x5b34afa2b780] non-existing PPS 0 referenced
[h264 @ 0x5b34afa2b780] decode_slice_header error
[h264 @ 0x5b34afa2b780] non-existing PPS 0 referenced
[h264 @ 0x5b34afa2b780] decode_slice_header error
[h264 @ 0x5b34afa2b780] non-existing PPS 0 referenced
[h264 @ 0x5b34afa2b780] decode_slice_header error
[h264 @ 0x5b34afa2b780] non-existing PPS 0 referenced
[h264 @ 0x5b34afa2b780] decode_slice_header error
[h264 @ 0x5b34afa2b780] non-existing PPS 0 referenced
[h264 @ 0x5b34afa2b780] decode_slice_header error
[h264 @ 0x5b34afa2b780] non-existing PPS 0 referenced
[h264 @ 0x5b34afa2b780] decode_slice_header error
[h264 @ 0x5b34afa2b780] non-existing PPS 0 referenced
[h264 @ 0x5b34afa2b780] decode_slice_header error
[h264 @ 0x5b34afa2b780] non-existing PPS 0 referenced
[h264 @ 0x5b34afa2b780] decode_slice_header error
[h264 @ 0x5b34afa2b780] non-existing PPS 0 referenced
[h264 @ 0x5b34afa2b780] decode_slice_header error
[h264 @ 0x5b34afa2b780] no frame!
[h264 @ 0x5b34afa2b780] sps_id 0 out of range
[h264 @ 0x5b34afa2b780] non-existing PPS 0 referenced
[h264 @ 0x5b34afa2b780] sps_id 0 out of range
[h264 @ 0x5b34afa2b780] non-existing PPS 0 referenced
[h264 @ 0x5b34afa2b780] decode_slice_header error
[h264 @ 0x5b34afa2b780] non-existing PPS 0 referenced
[h264 @ 0x5b34afa2b780] decode_slice_header error
[h264 @ 0x5b34afa2b780] non-existing PPS 0 referenced
[h264 @ 0x5b34afa2b780] decode_slice_header error
[h264 @ 0x5b34afa2b780] non-existing PPS 0 referenced
[h264 @ 0x5b34afa2b780] decode_slice_header error
[h264 @ 0x5b34afa2b780] non-existing PPS 0 referenced
[h264 @ 0x5b34afa2b780] decode_slice_header error
[h264 @ 0x5b34afa2b780] non-existing PPS 0 referenced
[h264 @ 0x5b34afa2b780] decode_slice_header error
[h264 @ 0x5b34afa2b780] non-existing PPS 0 referenced
[h264 @ 0x5b34afa2b780] decode_slice_header error
[h264 @ 0x5b34afa2b780] non-existing PPS 0 referenced
[h264 @ 0x5b34afa2b780] decode_slice_header error
[h264 @ 0x5b34afa2b780] non-existing PPS 0 referenced
[h264 @ 0x5b34afa2b780] decode_slice_header error
[h264 @ 0x5b34afa2b780] no frame!
[h264 @ 0x5b34afa2b780] sps_id 0 out of range
[h264 @ 0x5b34afa2b780] non-existing PPS 0 referenced
[h264 @ 0x5b34afa2b780] sps_id 0 out of range
[h264 @ 0x5b34afa2b780] non-existing PPS 0 referenced
[h264 @ 0x5b34afa2b780] decode_slice_header error
[h264 @ 0x5b34afa2b780] non-existing PPS 0 referenced
[h264 @ 0x5b34afa2b780] decode_slice_header error
[h264 @ 0x5b34afa2b780] non-existing PPS 0 referenced
[h264 @ 0x5b34afa2b780] decode_slice_header error
[h264 @ 0x5b34afa2b780] non-existing PPS 0 referenced
[h264 @ 0x5b34afa2b780] decode_slice_header error
[h264 @ 0x5b34afa2b780] non-existing PPS 0 referenced
[h264 @ 0x5b34afa2b780] decode_slice_header error
[h264 @ 0x5b34afa2b780] non-existing PPS 0 referenced
[h264 @ 0x5b34afa2b780] decode_slice_header error
[h264 @ 0x5b34afa2b780] non-existing PPS 0 referenced
[h264 @ 0x5b34afa2b780] decode_slice_header error
[h264 @ 0x5b34afa2b780] non-existing PPS 0 referenced
[h264 @ 0x5b34afa2b780] decode_slice_header error
[h264 @ 0x5b34afa2b780] non-existing PPS 0 referenced
[h264 @ 0x5b34afa2b780] decode_slice_header error
[h264 @ 0x5b34afa2b780] no frame!
[h264 @ 0x5b34afa2b780] sps_id 0 out of range
[h264 @ 0x5b34afa2b780] non-existing PPS 0 referenced
[h264 @ 0x5b34afa2b780] sps_id 0 out of range
[h264 @ 0x5b34afa2b780] non-existing PPS 0 referenced
[h264 @ 0x5b34afa2b780] decode_slice_header error
[h264 @ 0x5b34afa2b780] non-existing PPS 0 referenced
[h264 @ 0x5b34afa2b780] decode_slice_header error
[h264 @ 0x5b34afa2b780] non-existing PPS 0 referenced
[h264 @ 0x5b34afa2b780] decode_slice_header error
[h264 @ 0x5b34afa2b780] non-existing PPS 0 referenced
[h264 @ 0x5b34afa2b780] decode_slice_header error
[h264 @ 0x5b34afa2b780] non-existing PPS 0 referenced
[h264 @ 0x5b34afa2b780] decode_slice_header error
[h264 @ 0x5b34afa2b780] non-existing PPS 0 referenced
[h264 @ 0x5b34afa2b780] decode_slice_header error
[h264 @ 0x5b34afa2b780] non-existing PPS 0 referenced
[h264 @ 0x5b34afa2b780] decode_slice_header error
[h264 @ 0x5b34afa2b780] non-existing PPS 0 referenced
[h264 @ 0x5b34afa2b780] decode_slice_header error
[h264 @ 0x5b34afa2b780] non-existing PPS 0 referenced
[h264 @ 0x5b34afa2b780] decode_slice_header error
[h264 @ 0x5b34afa2b780] no frame!
[h264 @ 0x5b34afa2b780] sps_id 0 out of range
[h264 @ 0x5b34afa2b780] non-existing PPS 0 referenced
[h264 @ 0x5b34afa2b780] sps_id 0 out of range
[h264 @ 0x5b34afa2b780] non-existing PPS 0 referenced
[h264 @ 0x5b34afa2b780] decode_slice_header error
[h264 @ 0x5b34afa2b780] non-existing PPS 0 referenced
[h264 @ 0x5b34afa2b780] decode_slice_header error
[h264 @ 0x5b34afa2b780] non-existing PPS 0 referenced
[h264 @ 0x5b34afa2b780] decode_slice_header error
[h264 @ 0x5b34afa2b780] non-existing PPS 0 referenced
[h264 @ 0x5b34afa2b780] decode_slice_header error
[h264 @ 0x5b34afa2b780] non-existing PPS 0 referenced
[h264 @ 0x5b34afa2b780] decode_slice_header error
[h264 @ 0x5b34afa2b780] non-existing PPS 0 referenced
[h264 @ 0x5b34afa2b780] decode_slice_header error
[h264 @ 0x5b34afa2b780] non-existing PPS 0 referenced
[h264 @ 0x5b34afa2b780] decode_slice_header error
[h264 @ 0x5b34afa2b780] non-existing PPS 0 referenced
[h264 @ 0x5b34afa2b780] decode_slice_header error
[h264 @ 0x5b34afa2b780] non-existing PPS 0 referenced
[h264 @ 0x5b34afa2b780] decode_slice_header error
[h264 @ 0x5b34afa2b780] no frame!
[h264 @ 0x5b34afa2b780] sps_id 0 out of range
[h264 @ 0x5b34afa2b780] non-existing PPS 0 referenced
[h264 @ 0x5b34afa2b780] sps_id 0 out of range
[h264 @ 0x5b34afa2b780] non-existing PPS 0 referenced
[h264 @ 0x5b34afa2b780] decode_slice_header error
[h264 @ 0x5b34afa2b780] non-existing PPS 0 referenced
[h264 @ 0x5b34afa2b780] decode_slice_header error
[h264 @ 0x5b34afa2b780] non-existing PPS 0 referenced
[h264 @ 0x5b34afa2b780] decode_slice_header error
[h264 @ 0x5b34afa2b780] non-existing PPS 0 referenced
[h264 @ 0x5b34afa2b780] decode_slice_header error
[h264 @ 0x5b34afa2b780] non-existing PPS 0 referenced
[h264 @ 0x5b34afa2b780] decode_slice_header error
[h264 @ 0x5b34afa2b780] non-existing PPS 0 referenced
[h264 @ 0x5b34afa2b780] decode_slice_header error
[h264 @ 0x5b34afa2b780] non-existing PPS 0 referenced
[h264 @ 0x5b34afa2b780] decode_slice_header error
[h264 @ 0x5b34afa2b780] non-existing PPS 0 referenced
[h264 @ 0x5b34afa2b780] decode_slice_header error
[h264 @ 0x5b34afa2b780] non-existing PPS 0 referenced
[h264 @ 0x5b34afa2b780] decode_slice_header error
[h264 @ 0x5b34afa2b780] no frame!
[h264 @ 0x5b34afa2b780] sps_id 0 out of range
[h264 @ 0x5b34afa2b780] non-existing PPS 0 referenced
[h264 @ 0x5b34afa2b780] sps_id 0 out of range
[h264 @ 0x5b34afa2b780] non-existing PPS 0 referenced
[h264 @ 0x5b34afa2b780] decode_slice_header error
[h264 @ 0x5b34afa2b780] non-existing PPS 0 referenced
[h264 @ 0x5b34afa2b780] decode_slice_header error
[h264 @ 0x5b34afa2b780] non-existing PPS 0 referenced
[h264 @ 0x5b34afa2b780] decode_slice_header error
[h264 @ 0x5b34afa2b780] non-existing PPS 0 referenced
[h264 @ 0x5b34afa2b780] decode_slice_header error
[h264 @ 0x5b34afa2b780] non-existing PPS 0 referenced
[h264 @ 0x5b34afa2b780] decode_slice_header error
[h264 @ 0x5b34afa2b780] non-existing PPS 0 referenced
[h264 @ 0x5b34afa2b780] decode_slice_header error
[h264 @ 0x5b34afa2b780] non-existing PPS 0 referenced
[h264 @ 0x5b34afa2b780] decode_slice_header error
[h264 @ 0x5b34afa2b780] non-existing PPS 0 referenced
[h264 @ 0x5b34afa2b780] decode_slice_header error
[h264 @ 0x5b34afa2b780] non-existing PPS 0 referenced
[h264 @ 0x5b34afa2b780] decode_slice_header error
[h264 @ 0x5b34afa2b780] no frame!
[h264 @ 0x5b34afa2b780] sps_id 0 out of range
[h264 @ 0x5b34afa2b780] non-existing PPS 0 referenced
[h264 @ 0x5b34afa2b780] sps_id 0 out of range
[h264 @ 0x5b34afa2b780] non-existing PPS 0 referenced
[h264 @ 0x5b34afa2b780] decode_slice_header error
[h264 @ 0x5b34afa2b780] non-existing PPS 0 referenced
[h264 @ 0x5b34afa2b780] decode_slice_header error
[h264 @ 0x5b34afa2b780] non-existing PPS 0 referenced
[h264 @ 0x5b34afa2b780] decode_slice_header error
[h264 @ 0x5b34afa2b780] non-existing PPS 0 referenced
[h264 @ 0x5b34afa2b780] decode_slice_header error
[h264 @ 0x5b34afa2b780] non-existing PPS 0 referenced
[h264 @ 0x5b34afa2b780] decode_slice_header error
[h264 @ 0x5b34afa2b780] non-existing PPS 0 referenced
[h264 @ 0x5b34afa2b780] decode_slice_header error
[h264 @ 0x5b34afa2b780] non-existing PPS 0 referenced
[h264 @ 0x5b34afa2b780] decode_slice_header error
[h264 @ 0x5b34afa2b780] non-existing PPS 0 referenced
[h264 @ 0x5b34afa2b780] decode_slice_header error
[h264 @ 0x5b34afa2b780] non-existing PPS 0 referenced
[h264 @ 0x5b34afa2b780] decode_slice_header error
[h264 @ 0x5b34afa2b780] no frame!
[h264 @ 0x5b34afa2b780] sps_id 0 out of range
[h264 @ 0x5b34afa2b780] non-existing PPS 0 referenced
[h264 @ 0x5b34afa2b780] sps_id 0 out of range
[h264 @ 0x5b34afa2b780] non-existing PPS 0 referenced
[h264 @ 0x5b34afa2b780] decode_slice_header error
[h264 @ 0x5b34afa2b780] non-existing PPS 0 referenced
[h264 @ 0x5b34afa2b780] decode_slice_header error
[h264 @ 0x5b34afa2b780] non-existing PPS 0 referenced
[h264 @ 0x5b34afa2b780] decode_slice_header error
[h264 @ 0x5b34afa2b780] non-existing PPS 0 referenced
[h264 @ 0x5b34afa2b780] decode_slice_header error
[h264 @ 0x5b34afa2b780] non-existing PPS 0 referenced
[h264 @ 0x5b34afa2b780] decode_slice_header error
[h264 @ 0x5b34afa2b780] non-existing PPS 0 referenced
[h264 @ 0x5b34afa2b780] decode_slice_header error
[h264 @ 0x5b34afa2b780] non-existing PPS 0 referenced
[h264 @ 0x5b34afa2b780] decode_slice_header error
[h264 @ 0x5b34afa2b780] non-existing PPS 0 referenced
[h264 @ 0x5b34afa2b780] decode_slice_header error
[h264 @ 0x5b34afa2b780] non-existing PPS 0 referenced
[h264 @ 0x5b34afa2b780] decode_slice_header error
[h264 @ 0x5b34afa2b780] no frame!
[h264 @ 0x5b34afa2b780] sps_id 0 out of range
[h264 @ 0x5b34afa2b780] non-existing PPS 0 referenced
[h264 @ 0x5b34afa2b780] sps_id 0 out of range
[h264 @ 0x5b34afa2b780] non-existing PPS 0 referenced
[h264 @ 0x5b34afa2b780] decode_slice_header error
[h264 @ 0x5b34afa2b780] non-existing PPS 0 referenced
[h264 @ 0x5b34afa2b780] decode_slice_header error
[h264 @ 0x5b34afa2b780] non-existing PPS 0 referenced
[h264 @ 0x5b34afa2b780] decode_slice_header error
[h264 @ 0x5b34afa2b780] non-existing PPS 0 referenced
[h264 @ 0x5b34afa2b780] decode_slice_header error
[h264 @ 0x5b34afa2b780] non-existing PPS 0 referenced
[h264 @ 0x5b34afa2b780] decode_slice_header error
[h264 @ 0x5b34afa2b780] non-existing PPS 0 referenced
[h264 @ 0x5b34afa2b780] decode_slice_header error
[h264 @ 0x5b34afa2b780] non-existing PPS 0 referenced
[h264 @ 0x5b34afa2b780] decode_slice_header error
[h264 @ 0x5b34afa2b780] non-existing PPS 0 referenced
[h264 @ 0x5b34afa2b780] decode_slice_header error
[h264 @ 0x5b34afa2b780] non-existing PPS 0 referenced
[h264 @ 0x5b34afa2b780] decode_slice_header error
[h264 @ 0x5b34afa2b780] no frame!
[h264 @ 0x5b34afa2b780] sps_id 0 out of range
[h264 @ 0x5b34afa2b780] non-existing PPS 0 referenced
[h264 @ 0x5b34afa2b780] sps_id 0 out of range
[h264 @ 0x5b34afa2b780] non-existing PPS 0 referenced
[h264 @ 0x5b34afa2b780] decode_slice_header error
[h264 @ 0x5b34afa2b780] non-existing PPS 0 referenced
[h264 @ 0x5b34afa2b780] decode_slice_header error
[h264 @ 0x5b34afa2b780] non-existing PPS 0 referenced
[h264 @ 0x5b34afa2b780] decode_slice_header error
[h264 @ 0x5b34afa2b780] non-existing PPS 0 referenced
[h264 @ 0x5b34afa2b780] decode_slice_header error
[h264 @ 0x5b34afa2b780] non-existing PPS 0 referenced
[h264 @ 0x5b34afa2b780] decode_slice_header error
[h264 @ 0x5b34afa2b780] non-existing PPS 0 referenced
[h264 @ 0x5b34afa2b780] decode_slice_header error
[h264 @ 0x5b34afa2b780] non-existing PPS 0 referenced
[h264 @ 0x5b34afa2b780] decode_slice_header error
[h264 @ 0x5b34afa2b780] non-existing PPS 0 referenced
[h264 @ 0x5b34afa2b780] decode_slice_header error
[h264 @ 0x5b34afa2b780] non-existing PPS 0 referenced
[h264 @ 0x5b34afa2b780] decode_slice_header error
[h264 @ 0x5b34afa2b780] no frame!
[h264 @ 0x5b34afa2b780] sps_id 0 out of range
[h264 @ 0x5b34afa2b780] non-existing PPS 0 referenced
[h264 @ 0x5b34afa2b780] sps_id 0 out of range
[h264 @ 0x5b34afa2b780] non-existing PPS 0 referenced
[h264 @ 0x5b34afa2b780] decode_slice_header error
[h264 @ 0x5b34afa2b780] non-existing PPS 0 referenced
[h264 @ 0x5b34afa2b780] decode_slice_header error
[h264 @ 0x5b34afa2b780] non-existing PPS 0 referenced
[h264 @ 0x5b34afa2b780] decode_slice_header error
[h264 @ 0x5b34afa2b780] non-existing PPS 0 referenced
[h264 @ 0x5b34afa2b780] decode_slice_header error
[h264 @ 0x5b34afa2b780] non-existing PPS 0 referenced
[h264 @ 0x5b34afa2b780] decode_slice_header error
[h264 @ 0x5b34afa2b780] non-existing PPS 0 referenced
[h264 @ 0x5b34afa2b780] decode_slice_header error
[h264 @ 0x5b34afa2b780] non-existing PPS 0 referenced
[h264 @ 0x5b34afa2b780] decode_slice_header error
[h264 @ 0x5b34afa2b780] non-existing PPS 0 referenced
[h264 @ 0x5b34afa2b780] decode_slice_header error
[h264 @ 0x5b34afa2b780] non-existing PPS 0 referenced
[h264 @ 0x5b34afa2b780] decode_slice_header error
[h264 @ 0x5b34afa2b780] no frame!
[h264 @ 0x5b34afa2b780] sps_id 0 out of range
[h264 @ 0x5b34afa2b780] non-existing PPS 0 referenced
[h264 @ 0x5b34afa2b780] sps_id 0 out of range
[h264 @ 0x5b34afa2b780] non-existing PPS 0 referenced
[h264 @ 0x5b34afa2b780] decode_slice_header error
[h264 @ 0x5b34afa2b780] non-existing PPS 0 referenced
[h264 @ 0x5b34afa2b780] decode_slice_header error
[h264 @ 0x5b34afa2b780] non-existing PPS 0 referenced
[h264 @ 0x5b34afa2b780] decode_slice_header error
[h264 @ 0x5b34afa2b780] non-existing PPS 0 referenced
[h264 @ 0x5b34afa2b780] decode_slice_header error
[h264 @ 0x5b34afa2b780] non-existing PPS 0 referenced
[h264 @ 0x5b34afa2b780] decode_slice_header error
[h264 @ 0x5b34afa2b780] non-existing PPS 0 referenced
[h264 @ 0x5b34afa2b780] decode_slice_header error
[h264 @ 0x5b34afa2b780] non-existing PPS 0 referenced
[h264 @ 0x5b34afa2b780] decode_slice_header error
[h264 @ 0x5b34afa2b780] non-existing PPS 0 referenced
[h264 @ 0x5b34afa2b780] decode_slice_header error
[h264 @ 0x5b34afa2b780] non-existing PPS 0 referenced
[h264 @ 0x5b34afa2b780] decode_slice_header error
[h264 @ 0x5b34afa2b780] no frame!
[h264 @ 0x5b34afa2b780] sps_id 0 out of range
[h264 @ 0x5b34afa2b780] non-existing PPS 0 referenced
[h264 @ 0x5b34afa2b780] sps_id 0 out of range
[h264 @ 0x5b34afa2b780] non-existing PPS 0 referenced
[h264 @ 0x5b34afa2b780] decode_slice_header error
[h264 @ 0x5b34afa2b780] non-existing PPS 0 referenced
[h264 @ 0x5b34afa2b780] decode_slice_header error
[h264 @ 0x5b34afa2b780] non-existing PPS 0 referenced
[h264 @ 0x5b34afa2b780] decode_slice_header error
[h264 @ 0x5b34afa2b780] non-existing PPS 0 referenced
[h264 @ 0x5b34afa2b780] decode_slice_header error
[h264 @ 0x5b34afa2b780] non-existing PPS 0 referenced
[h264 @ 0x5b34afa2b780] decode_slice_header error
[h264 @ 0x5b34afa2b780] non-existing PPS 0 referenced
[h264 @ 0x5b34afa2b780] decode_slice_header error
[h264 @ 0x5b34afa2b780] non-existing PPS 0 referenced
[h264 @ 0x5b34afa2b780] decode_slice_header error
[h264 @ 0x5b34afa2b780] non-existing PPS 0 referenced
[h264 @ 0x5b34afa2b780] decode_slice_header error
[h264 @ 0x5b34afa2b780] non-existing PPS 0 referenced
[h264 @ 0x5b34afa2b780] decode_slice_header error
[h264 @ 0x5b34afa2b780] no frame!
[h264 @ 0x5b34afa2b780] sps_id 0 out of range
[h264 @ 0x5b34afa2b780] non-existing PPS 0 referenced
[h264 @ 0x5b34afa2b780] sps_id 0 out of range
[h264 @ 0x5b34afa2b780] non-existing PPS 0 referenced
[h264 @ 0x5b34afa2b780] decode_slice_header error
[h264 @ 0x5b34afa2b780] non-existing PPS 0 referenced
[h264 @ 0x5b34afa2b780] decode_slice_header error
[h264 @ 0x5b34afa2b780] non-existing PPS 0 referenced
[h264 @ 0x5b34afa2b780] decode_slice_header error
[h264 @ 0x5b34afa2b780] non-existing PPS 0 referenced
[h264 @ 0x5b34afa2b780] decode_slice_header error
[h264 @ 0x5b34afa2b780] non-existing PPS 0 referenced
[h264 @ 0x5b34afa2b780] decode_slice_header error
[h264 @ 0x5b34afa2b780] non-existing PPS 0 referenced
[h264 @ 0x5b34afa2b780] decode_slice_header error
[h264 @ 0x5b34afa2b780] non-existing PPS 0 referenced
[h264 @ 0x5b34afa2b780] decode_slice_header error
[h264 @ 0x5b34afa2b780] non-existing PPS 0 referenced
[h264 @ 0x5b34afa2b780] decode_slice_header error
[h264 @ 0x5b34afa2b780] non-existing PPS 0 referenced
[h264 @ 0x5b34afa2b780] decode_slice_header error
[h264 @ 0x5b34afa2b780] no frame!
[h264 @ 0x5b34afa2b780] sps_id 0 out of range
[h264 @ 0x5b34afa2b780] non-existing PPS 0 referenced
[h264 @ 0x5b34afa2b780] sps_id 0 out of range
[h264 @ 0x5b34afa2b780] non-existing PPS 0 referenced
[h264 @ 0x5b34afa2b780] decode_slice_header error
[h264 @ 0x5b34afa2b780] non-existing PPS 0 referenced
[h264 @ 0x5b34afa2b780] decode_slice_header error
[h264 @ 0x5b34afa2b780] non-existing PPS 0 referenced
[h264 @ 0x5b34afa2b780] decode_slice_header error
[h264 @ 0x5b34afa2b780] non-existing PPS 0 referenced
[h264 @ 0x5b34afa2b780] decode_slice_header error
[h264 @ 0x5b34afa2b780] non-existing PPS 0 referenced
[h264 @ 0x5b34afa2b780] decode_slice_header error
[h264 @ 0x5b34afa2b780] non-existing PPS 0 referenced
[h264 @ 0x5b34afa2b780] decode_slice_header error
[h264 @ 0x5b34afa2b780] non-existing PPS 0 referenced
[h264 @ 0x5b34afa2b780] decode_slice_header error
[h264 @ 0x5b34afa2b780] non-existing PPS 0 referenced
[h264 @ 0x5b34afa2b780] decode_slice_header error
[h264 @ 0x5b34afa2b780] non-existing PPS 0 referenced
[h264 @ 0x5b34afa2b780] decode_slice_header error
[h264 @ 0x5b34afa2b780] no frame!
[h264 @ 0x5b34afa2b780] sps_id 0 out of range
[h264 @ 0x5b34afa2b780] non-existing PPS 0 referenced
[h264 @ 0x5b34afa2b780] sps_id 0 out of range
[h264 @ 0x5b34afa2b780] non-existing PPS 0 referenced
[h264 @ 0x5b34afa2b780] decode_slice_header error
[h264 @ 0x5b34afa2b780] non-existing PPS 0 referenced
[h264 @ 0x5b34afa2b780] decode_slice_header error
[h264 @ 0x5b34afa2b780] non-existing PPS 0 referenced
[h264 @ 0x5b34afa2b780] decode_slice_header error
[h264 @ 0x5b34afa2b780] non-existing PPS 0 referenced
[h264 @ 0x5b34afa2b780] decode_slice_header error
[h264 @ 0x5b34afa2b780] non-existing PPS 0 referenced
[h264 @ 0x5b34afa2b780] decode_slice_header error
[h264 @ 0x5b34afa2b780] non-existing PPS 0 referenced
[h264 @ 0x5b34afa2b780] decode_slice_header error
[h264 @ 0x5b34afa2b780] non-existing PPS 0 referenced
[h264 @ 0x5b34afa2b780] decode_slice_header error
[h264 @ 0x5b34afa2b780] non-existing PPS 0 referenced
[h264 @ 0x5b34afa2b780] decode_slice_header error
[h264 @ 0x5b34afa2b780] non-existing PPS 0 referenced
[h264 @ 0x5b34afa2b780] decode_slice_header error
[h264 @ 0x5b34afa2b780] no frame!
[h264 @ 0x5b34afa2b780] sps_id 0 out of range
[h264 @ 0x5b34afa2b780] non-existing PPS 0 referenced
[h264 @ 0x5b34afa2b780] sps_id 0 out of range
[h264 @ 0x5b34afa2b780] non-existing PPS 0 referenced
[h264 @ 0x5b34afa2b780] decode_slice_header error
[h264 @ 0x5b34afa2b780] non-existing PPS 0 referenced
[h264 @ 0x5b34afa2b780] decode_slice_header error
[h264 @ 0x5b34afa2b780] non-existing PPS 0 referenced
[h264 @ 0x5b34afa2b780] decode_slice_header error
[h264 @ 0x5b34afa2b780] non-existing PPS 0 referenced
[h264 @ 0x5b34afa2b780] decode_slice_header error
[h264 @ 0x5b34afa2b780] non-existing PPS 0 referenced
[h264 @ 0x5b34afa2b780] decode_slice_header error
[h264 @ 0x5b34afa2b780] non-existing PPS 0 referenced
[h264 @ 0x5b34afa2b780] decode_slice_header error
[h264 @ 0x5b34afa2b780] non-existing PPS 0 referenced
[h264 @ 0x5b34afa2b780] decode_slice_header error
[h264 @ 0x5b34afa2b780] non-existing PPS 0 referenced
[h264 @ 0x5b34afa2b780] decode_slice_header error
[h264 @ 0x5b34afa2b780] non-existing PPS 0 referenced
[h264 @ 0x5b34afa2b780] decode_slice_header error
[h264 @ 0x5b34afa2b780] no frame!
[h264 @ 0x5b34afa2b780] sps_id 0 out of range
[h264 @ 0x5b34afa2b780] non-existing PPS 0 referenced
[h264 @ 0x5b34afa2b780] sps_id 0 out of range
[h264 @ 0x5b34afa2b780] non-existing PPS 0 referenced
[h264 @ 0x5b34afa2b780] decode_slice_header error
[h264 @ 0x5b34afa2b780] non-existing PPS 0 referenced
[h264 @ 0x5b34afa2b780] decode_slice_header error
[h264 @ 0x5b34afa2b780] non-existing PPS 0 referenced
[h264 @ 0x5b34afa2b780] decode_slice_header error
[h264 @ 0x5b34afa2b780] non-existing PPS 0 referenced
[h264 @ 0x5b34afa2b780] decode_slice_header error
[h264 @ 0x5b34afa2b780] non-existing PPS 0 referenced
[h264 @ 0x5b34afa2b780] decode_slice_header error
[h264 @ 0x5b34afa2b780] non-existing PPS 0 referenced
[h264 @ 0x5b34afa2b780] decode_slice_header error
[h264 @ 0x5b34afa2b780] non-existing PPS 0 referenced
[h264 @ 0x5b34afa2b780] decode_slice_header error
[h264 @ 0x5b34afa2b780] non-existing PPS 0 referenced
[h264 @ 0x5b34afa2b780] decode_slice_header error
[h264 @ 0x5b34afa2b780] non-existing PPS 0 referenced
[h264 @ 0x5b34afa2b780] decode_slice_header error
[h264 @ 0x5b34afa2b780] no frame!
[h264 @ 0x5b34afa2b780] sps_id 0 out of range
[h264 @ 0x5b34afa2b780] non-existing PPS 0 referenced
[h264 @ 0x5b34afa2b780] sps_id 0 out of range
[h264 @ 0x5b34afa2b780] non-existing PPS 0 referenced
[h264 @ 0x5b34afa2b780] decode_slice_header error
[h264 @ 0x5b34afa2b780] non-existing PPS 0 referenced
[h264 @ 0x5b34afa2b780] decode_slice_header error
[h264 @ 0x5b34afa2b780] non-existing PPS 0 referenced
[h264 @ 0x5b34afa2b780] decode_slice_header error
[h264 @ 0x5b34afa2b780] non-existing PPS 0 referenced
[h264 @ 0x5b34afa2b780] decode_slice_header error
[h264 @ 0x5b34afa2b780] non-existing PPS 0 referenced
[h264 @ 0x5b34afa2b780] decode_slice_header error
[h264 @ 0x5b34afa2b780] non-existing PPS 0 referenced
[h264 @ 0x5b34afa2b780] decode_slice_header error
[h264 @ 0x5b34afa2b780] non-existing PPS 0 referenced
[h264 @ 0x5b34afa2b780] decode_slice_header error
[h264 @ 0x5b34afa2b780] non-existing PPS 0 referenced
[h264 @ 0x5b34afa2b780] decode_slice_header error
[h264 @ 0x5b34afa2b780] non-existing PPS 0 referenced
[h264 @ 0x5b34afa2b780] decode_slice_header error
[h264 @ 0x5b34afa2b780] no frame!
[h264 @ 0x5b34afa2b780] sps_id 0 out of range
[h264 @ 0x5b34afa2b780] non-existing PPS 0 referenced
[h264 @ 0x5b34afa2b780] sps_id 0 out of range
[h264 @ 0x5b34afa2b780] non-existing PPS 0 referenced
[h264 @ 0x5b34afa2b780] decode_slice_header error
[h264 @ 0x5b34afa2b780] non-existing PPS 0 referenced
[h264 @ 0x5b34afa2b780] decode_slice_header error
[h264 @ 0x5b34afa2b780] non-existing PPS 0 referenced
[h264 @ 0x5b34afa2b780] decode_slice_header error
[h264 @ 0x5b34afa2b780] non-existing PPS 0 referenced
[h264 @ 0x5b34afa2b780] decode_slice_header error
[h264 @ 0x5b34afa2b780] non-existing PPS 0 referenced
[h264 @ 0x5b34afa2b780] decode_slice_header error
[h264 @ 0x5b34afa2b780] non-existing PPS 0 referenced
[h264 @ 0x5b34afa2b780] decode_slice_header error
[h264 @ 0x5b34afa2b780] non-existing PPS 0 referenced
[h264 @ 0x5b34afa2b780] decode_slice_header error
[h264 @ 0x5b34afa2b780] non-existing PPS 0 referenced
[h264 @ 0x5b34afa2b780] decode_slice_header error
[h264 @ 0x5b34afa2b780] non-existing PPS 0 referenced
[h264 @ 0x5b34afa2b780] decode_slice_header error
[h264 @ 0x5b34afa2b780] no frame!
[h264 @ 0x5b34afa2b780] sps_id 0 out of range
[h264 @ 0x5b34afa2b780] non-existing PPS 0 referenced
[h264 @ 0x5b34afa2b780] sps_id 0 out of range
[h264 @ 0x5b34afa2b780] non-existing PPS 0 referenced
[h264 @ 0x5b34afa2b780] decode_slice_header error
[h264 @ 0x5b34afa2b780] non-existing PPS 0 referenced
[h264 @ 0x5b34afa2b780] decode_slice_header error
[h264 @ 0x5b34afa2b780] non-existing PPS 0 referenced
[h264 @ 0x5b34afa2b780] decode_slice_header error
[h264 @ 0x5b34afa2b780] non-existing PPS 0 referenced
[h264 @ 0x5b34afa2b780] decode_slice_header error
[h264 @ 0x5b34afa2b780] non-existing PPS 0 referenced
[h264 @ 0x5b34afa2b780] decode_slice_header error
[h264 @ 0x5b34afa2b780] non-existing PPS 0 referenced
[h264 @ 0x5b34afa2b780] decode_slice_header error
[h264 @ 0x5b34afa2b780] non-existing PPS 0 referenced
[h264 @ 0x5b34afa2b780] decode_slice_header error
[h264 @ 0x5b34afa2b780] non-existing PPS 0 referenced
[h264 @ 0x5b34afa2b780] decode_slice_header error
[h264 @ 0x5b34afa2b780] non-existing PPS 0 referenced
[h264 @ 0x5b34afa2b780] decode_slice_header error
[h264 @ 0x5b34afa2b780] no frame!
[h264 @ 0x5b34afa2b780] sps_id 0 out of range
[h264 @ 0x5b34afa2b780] non-existing PPS 0 referenced
[h264 @ 0x5b34afa2b780] sps_id 0 out of range
[h264 @ 0x5b34afa2b780] non-existing PPS 0 referenced
[h264 @ 0x5b34afa2b780] decode_slice_header error
[h264 @ 0x5b34afa2b780] non-existing PPS 0 referenced
[h264 @ 0x5b34afa2b780] decode_slice_header error
[h264 @ 0x5b34afa2b780] non-existing PPS 0 referenced
[h264 @ 0x5b34afa2b780] decode_slice_header error
[h264 @ 0x5b34afa2b780] non-existing PPS 0 referenced
[h264 @ 0x5b34afa2b780] decode_slice_header error
[h264 @ 0x5b34afa2b780] non-existing PPS 0 referenced
[h264 @ 0x5b34afa2b780] decode_slice_header error
[h264 @ 0x5b34afa2b780] non-existing PPS 0 referenced
[h264 @ 0x5b34afa2b780] decode_slice_header error
[h264 @ 0x5b34afa2b780] non-existing PPS 0 referenced
[h264 @ 0x5b34afa2b780] decode_slice_header error
[h264 @ 0x5b34afa2b780] non-existing PPS 0 referenced
[h264 @ 0x5b34afa2b780] decode_slice_header error
[h264 @ 0x5b34afa2b780] non-existing PPS 0 referenced
[h264 @ 0x5b34afa2b780] decode_slice_header error
[h264 @ 0x5b34afa2b780] no frame!
[h264 @ 0x5b34afa2b780] sps_id 0 out of range
[h264 @ 0x5b34afa2b780] non-existing PPS 0 referenced
[h264 @ 0x5b34afa2b780] sps_id 0 out of range
[h264 @ 0x5b34afa2b780] non-existing PPS 0 referenced
[h264 @ 0x5b34afa2b780] decode_slice_header error
[h264 @ 0x5b34afa2b780] non-existing PPS 0 referenced
[h264 @ 0x5b34afa2b780] decode_slice_header error
[h264 @ 0x5b34afa2b780] non-existing PPS 0 referenced
[h264 @ 0x5b34afa2b780] decode_slice_header error
[h264 @ 0x5b34afa2b780] non-existing PPS 0 referenced
[h264 @ 0x5b34afa2b780] decode_slice_header error
[h264 @ 0x5b34afa2b780] non-existing PPS 0 referenced
[h264 @ 0x5b34afa2b780] decode_slice_header error
[h264 @ 0x5b34afa2b780] non-existing PPS 0 referenced
[h264 @ 0x5b34afa2b780] decode_slice_header error
[h264 @ 0x5b34afa2b780] non-existing PPS 0 referenced
[h264 @ 0x5b34afa2b780] decode_slice_header error
[h264 @ 0x5b34afa2b780] non-existing PPS 0 referenced
[h264 @ 0x5b34afa2b780] decode_slice_header error
[h264 @ 0x5b34afa2b780] non-existing PPS 0 referenced
[h264 @ 0x5b34afa2b780] decode_slice_header error
[h264 @ 0x5b34afa2b780] no frame!
[h264 @ 0x5b34afa2b780] sps_id 0 out of range
[h264 @ 0x5b34afa2b780] non-existing PPS 0 referenced
[h264 @ 0x5b34afa2b780] sps_id 0 out of range
[h264 @ 0x5b34afa2b780] non-existing PPS 0 referenced
[h264 @ 0x5b34afa2b780] decode_slice_header error
[h264 @ 0x5b34afa2b780] non-existing PPS 0 referenced
[h264 @ 0x5b34afa2b780] decode_slice_header error
[h264 @ 0x5b34afa2b780] non-existing PPS 0 referenced
[h264 @ 0x5b34afa2b780] decode_slice_header error
[h264 @ 0x5b34afa2b780] non-existing PPS 0 referenced
[h264 @ 0x5b34afa2b780] decode_slice_header error
[h264 @ 0x5b34afa2b780] non-existing PPS 0 referenced
[h264 @ 0x5b34afa2b780] decode_slice_header error
[h264 @ 0x5b34afa2b780] non-existing PPS 0 referenced
[h264 @ 0x5b34afa2b780] decode_slice_header error
[h264 @ 0x5b34afa2b780] non-existing PPS 0 referenced
[h264 @ 0x5b34afa2b780] decode_slice_header error
[h264 @ 0x5b34afa2b780] non-existing PPS 0 referenced
[h264 @ 0x5b34afa2b780] decode_slice_header error
[h264 @ 0x5b34afa2b780] non-existing PPS 0 referenced
[h264 @ 0x5b34afa2b780] decode_slice_header error
[h264 @ 0x5b34afa2b780] no frame!
[h264 @ 0x5b34afa2b780] sps_id 0 out of range
[h264 @ 0x5b34afa2b780] non-existing PPS 0 referenced
[h264 @ 0x5b34afa2b780] sps_id 0 out of range
[h264 @ 0x5b34afa2b780] non-existing PPS 0 referenced
[h264 @ 0x5b34afa2b780] decode_slice_header error
[h264 @ 0x5b34afa2b780] non-existing PPS 0 referenced
[h264 @ 0x5b34afa2b780] decode_slice_header error
[h264 @ 0x5b34afa2b780] non-existing PPS 0 referenced
[h264 @ 0x5b34afa2b780] decode_slice_header error
[h264 @ 0x5b34afa2b780] non-existing PPS 0 referenced
[h264 @ 0x5b34afa2b780] decode_slice_header error
[h264 @ 0x5b34afa2b780] non-existing PPS 0 referenced
[h264 @ 0x5b34afa2b780] decode_slice_header error
[h264 @ 0x5b34afa2b780] non-existing PPS 0 referenced
[h264 @ 0x5b34afa2b780] decode_slice_header error
[h264 @ 0x5b34afa2b780] non-existing PPS 0 referenced
[h264 @ 0x5b34afa2b780] decode_slice_header error
[h264 @ 0x5b34afa2b780] non-existing PPS 0 referenced
[h264 @ 0x5b34afa2b780] decode_slice_header error
[h264 @ 0x5b34afa2b780] non-existing PPS 0 referenced
[h264 @ 0x5b34afa2b780] decode_slice_header error
[h264 @ 0x5b34afa2b780] no frame!
[h264 @ 0x5b34afa2b780] sps_id 0 out of range
[h264 @ 0x5b34afa2b780] non-existing PPS 0 referenced
[h264 @ 0x5b34afa2b780] sps_id 0 out of range
[h264 @ 0x5b34afa2b780] non-existing PPS 0 referenced
[h264 @ 0x5b34afa2b780] decode_slice_header error
[h264 @ 0x5b34afa2b780] non-existing PPS 0 referenced
[h264 @ 0x5b34afa2b780] decode_slice_header error
[h264 @ 0x5b34afa2b780] non-existing PPS 0 referenced
[h264 @ 0x5b34afa2b780] decode_slice_header error
[h264 @ 0x5b34afa2b780] non-existing PPS 0 referenced
[h264 @ 0x5b34afa2b780] decode_slice_header error
[h264 @ 0x5b34afa2b780] non-existing PPS 0 referenced
[h264 @ 0x5b34afa2b780] decode_slice_header error
[h264 @ 0x5b34afa2b780] non-existing PPS 0 referenced
[h264 @ 0x5b34afa2b780] decode_slice_header error
[h264 @ 0x5b34afa2b780] non-existing PPS 0 referenced
[h264 @ 0x5b34afa2b780] decode_slice_header error
[h264 @ 0x5b34afa2b780] non-existing PPS 0 referenced
[h264 @ 0x5b34afa2b780] decode_slice_header error
[h264 @ 0x5b34afa2b780] non-existing PPS 0 referenced
[h264 @ 0x5b34afa2b780] decode_slice_header error
[h264 @ 0x5b34afa2b780] no frame!
[h264 @ 0x5b34afa2b780] sps_id 0 out of range
[h264 @ 0x5b34afa2b780] non-existing PPS 0 referenced
[h264 @ 0x5b34afa2b780] sps_id 0 out of range
[h264 @ 0x5b34afa2b780] non-existing PPS 0 referenced
[h264 @ 0x5b34afa2b780] decode_slice_header error
[h264 @ 0x5b34afa2b780] non-existing PPS 0 referenced
[h264 @ 0x5b34afa2b780] decode_slice_header error
[h264 @ 0x5b34afa2b780] non-existing PPS 0 referenced
[h264 @ 0x5b34afa2b780] decode_slice_header error
[h264 @ 0x5b34afa2b780] non-existing PPS 0 referenced
[h264 @ 0x5b34afa2b780] decode_slice_header error
[h264 @ 0x5b34afa2b780] non-existing PPS 0 referenced
[h264 @ 0x5b34afa2b780] decode_slice_header error
[h264 @ 0x5b34afa2b780] non-existing PPS 0 referenced
[h264 @ 0x5b34afa2b780] decode_slice_header error
[h264 @ 0x5b34afa2b780] non-existing PPS 0 referenced
[h264 @ 0x5b34afa2b780] decode_slice_header error
[h264 @ 0x5b34afa2b780] non-existing PPS 0 referenced
[h264 @ 0x5b34afa2b780] decode_slice_header error
[h264 @ 0x5b34afa2b780] non-existing PPS 0 referenced
[h264 @ 0x5b34afa2b780] decode_slice_header error
[h264 @ 0x5b34afa2b780] no frame!
[h264 @ 0x5b34afa2b780] sps_id 0 out of range
[h264 @ 0x5b34afa2b780] non-existing PPS 0 referenced
[h264 @ 0x5b34afa2b780] sps_id 0 out of range
[h264 @ 0x5b34afa2b780] non-existing PPS 0 referenced
[h264 @ 0x5b34afa2b780] decode_slice_header error
[h264 @ 0x5b34afa2b780] non-existing PPS 0 referenced
[h264 @ 0x5b34afa2b780] decode_slice_header error
[h264 @ 0x5b34afa2b780] non-existing PPS 0 referenced
[h264 @ 0x5b34afa2b780] decode_slice_header error
[h264 @ 0x5b34afa2b780] non-existing PPS 0 referenced
[h264 @ 0x5b34afa2b780] decode_slice_header error
[h264 @ 0x5b34afa2b780] non-existing PPS 0 referenced
[h264 @ 0x5b34afa2b780] decode_slice_header error
[h264 @ 0x5b34afa2b780] non-existing PPS 0 referenced
[h264 @ 0x5b34afa2b780] decode_slice_header error
[h264 @ 0x5b34afa2b780] non-existing PPS 0 referenced
[h264 @ 0x5b34afa2b780] decode_slice_header error
[h264 @ 0x5b34afa2b780] non-existing PPS 0 referenced
[h264 @ 0x5b34afa2b780] decode_slice_header error
[h264 @ 0x5b34afa2b780] non-existing PPS 0 referenced
[h264 @ 0x5b34afa2b780] decode_slice_header error
[h264 @ 0x5b34afa2b780] no frame!
[h264 @ 0x5b34afa2b780] sps_id 0 out of range
[h264 @ 0x5b34afa2b780] non-existing PPS 0 referenced
[h264 @ 0x5b34afa2b780] sps_id 0 out of range
[h264 @ 0x5b34afa2b780] non-existing PPS 0 referenced
[h264 @ 0x5b34afa2b780] decode_slice_header error
[h264 @ 0x5b34afa2b780] non-existing PPS 0 referenced
[h264 @ 0x5b34afa2b780] decode_slice_header error
[h264 @ 0x5b34afa2b780] non-existing PPS 0 referenced
[h264 @ 0x5b34afa2b780] decode_slice_header error
[h264 @ 0x5b34afa2b780] non-existing PPS 0 referenced
[h264 @ 0x5b34afa2b780] decode_slice_header error
[h264 @ 0x5b34afa2b780] non-existing PPS 0 referenced
[h264 @ 0x5b34afa2b780] decode_slice_header error
[h264 @ 0x5b34afa2b780] non-existing PPS 0 referenced
[h264 @ 0x5b34afa2b780] decode_slice_header error
[h264 @ 0x5b34afa2b780] non-existing PPS 0 referenced
[h264 @ 0x5b34afa2b780] decode_slice_header error
[h264 @ 0x5b34afa2b780] non-existing PPS 0 referenced
[h264 @ 0x5b34afa2b780] decode_slice_header error
[h264 @ 0x5b34afa2b780] non-existing PPS 0 referenced
[h264 @ 0x5b34afa2b780] decode_slice_header error
[h264 @ 0x5b34afa2b780] no frame!
[h264 @ 0x5b34afa2b780] sps_id 0 out of range
[h264 @ 0x5b34afa2b780] non-existing PPS 0 referenced
[h264 @ 0x5b34afa2b780] sps_id 0 out of range
[h264 @ 0x5b34afa2b780] non-existing PPS 0 referenced
[h264 @ 0x5b34afa2b780] decode_slice_header error
[h264 @ 0x5b34afa2b780] non-existing PPS 0 referenced
[h264 @ 0x5b34afa2b780] decode_slice_header error
[h264 @ 0x5b34afa2b780] non-existing PPS 0 referenced
[h264 @ 0x5b34afa2b780] decode_slice_header error
[h264 @ 0x5b34afa2b780] non-existing PPS 0 referenced
[h264 @ 0x5b34afa2b780] decode_slice_header error
[h264 @ 0x5b34afa2b780] non-existing PPS 0 referenced
[h264 @ 0x5b34afa2b780] decode_slice_header error
[h264 @ 0x5b34afa2b780] non-existing PPS 0 referenced
[h264 @ 0x5b34afa2b780] decode_slice_header error
[h264 @ 0x5b34afa2b780] non-existing PPS 0 referenced
[h264 @ 0x5b34afa2b780] decode_slice_header error
[h264 @ 0x5b34afa2b780] non-existing PPS 0 referenced
[h264 @ 0x5b34afa2b780] decode_slice_header error
[h264 @ 0x5b34afa2b780] non-existing PPS 0 referenced
[h264 @ 0x5b34afa2b780] decode_slice_header error
[h264 @ 0x5b34afa2b780] no frame!
[h264 @ 0x5b34afa2b780] sps_id 0 out of range
[h264 @ 0x5b34afa2b780] non-existing PPS 0 referenced
[h264 @ 0x5b34afa2b780] sps_id 0 out of range
[h264 @ 0x5b34afa2b780] non-existing PPS 0 referenced
[h264 @ 0x5b34afa2b780] decode_slice_header error
[h264 @ 0x5b34afa2b780] non-existing PPS 0 referenced
[h264 @ 0x5b34afa2b780] decode_slice_header error
[h264 @ 0x5b34afa2b780] non-existing PPS 0 referenced
[h264 @ 0x5b34afa2b780] decode_slice_header error
[h264 @ 0x5b34afa2b780] non-existing PPS 0 referenced
[h264 @ 0x5b34afa2b780] decode_slice_header error
[h264 @ 0x5b34afa2b780] non-existing PPS 0 referenced
[h264 @ 0x5b34afa2b780] decode_slice_header error
[h264 @ 0x5b34afa2b780] non-existing PPS 0 referenced
[h264 @ 0x5b34afa2b780] decode_slice_header error
[h264 @ 0x5b34afa2b780] non-existing PPS 0 referenced
[h264 @ 0x5b34afa2b780] decode_slice_header error
[h264 @ 0x5b34afa2b780] non-existing PPS 0 referenced
[h264 @ 0x5b34afa2b780] decode_slice_header error
[h264 @ 0x5b34afa2b780] non-existing PPS 0 referenced
[h264 @ 0x5b34afa2b780] decode_slice_header error
[h264 @ 0x5b34afa2b780] no frame!
[h264 @ 0x5b34afa2b780] sps_id 0 out of range
[h264 @ 0x5b34afa2b780] non-existing PPS 0 referenced
[h264 @ 0x5b34afa2b780] sps_id 0 out of range
[h264 @ 0x5b34afa2b780] non-existing PPS 0 referenced
[h264 @ 0x5b34afa2b780] decode_slice_header error
[h264 @ 0x5b34afa2b780] non-existing PPS 0 referenced
[h264 @ 0x5b34afa2b780] decode_slice_header error
[h264 @ 0x5b34afa2b780] non-existing PPS 0 referenced
[h264 @ 0x5b34afa2b780] decode_slice_header error
[h264 @ 0x5b34afa2b780] non-existing PPS 0 referenced
[h264 @ 0x5b34afa2b780] decode_slice_header error
[h264 @ 0x5b34afa2b780] non-existing PPS 0 referenced
[h264 @ 0x5b34afa2b780] decode_slice_header error
[h264 @ 0x5b34afa2b780] non-existing PPS 0 referenced
[h264 @ 0x5b34afa2b780] decode_slice_header error
[h264 @ 0x5b34afa2b780] non-existing PPS 0 referenced
[h264 @ 0x5b34afa2b780] decode_slice_header error
[h264 @ 0x5b34afa2b780] non-existing PPS 0 referenced
[h264 @ 0x5b34afa2b780] decode_slice_header error
[h264 @ 0x5b34afa2b780] non-existing PPS 0 referenced
[h264 @ 0x5b34afa2b780] decode_slice_header error
[h264 @ 0x5b34afa2b780] no frame!
[h264 @ 0x5b34afa2b780] sps_id 0 out of range
[h264 @ 0x5b34afa2b780] non-existing PPS 0 referenced
[h264 @ 0x5b34afa2b780] sps_id 0 out of range
[h264 @ 0x5b34afa2b780] non-existing PPS 0 referenced
[h264 @ 0x5b34afa2b780] decode_slice_header error
[h264 @ 0x5b34afa2b780] non-existing PPS 0 referenced
[h264 @ 0x5b34afa2b780] decode_slice_header error
[h264 @ 0x5b34afa2b780] non-existing PPS 0 referenced
[h264 @ 0x5b34afa2b780] decode_slice_header error
[h264 @ 0x5b34afa2b780] non-existing PPS 0 referenced
[h264 @ 0x5b34afa2b780] decode_slice_header error
[h264 @ 0x5b34afa2b780] non-existing PPS 0 referenced
[h264 @ 0x5b34afa2b780] decode_slice_header error
[h264 @ 0x5b34afa2b780] non-existing PPS 0 referenced
[h264 @ 0x5b34afa2b780] decode_slice_header error
[h264 @ 0x5b34afa2b780] non-existing PPS 0 referenced
[h264 @ 0x5b34afa2b780] decode_slice_header error
[h264 @ 0x5b34afa2b780] non-existing PPS 0 referenced
[h264 @ 0x5b34afa2b780] decode_slice_header error
[h264 @ 0x5b34afa2b780] non-existing PPS 0 referenced
[h264 @ 0x5b34afa2b780] decode_slice_header error
[h264 @ 0x5b34afa2b780] no frame!
[h264 @ 0x5b34afa2b780] sps_id 0 out of range
[h264 @ 0x5b34afa2b780] non-existing PPS 0 referenced
[h264 @ 0x5b34afa2b780] sps_id 0 out of range
[h264 @ 0x5b34afa2b780] non-existing PPS 0 referenced
[h264 @ 0x5b34afa2b780] decode_slice_header error
[h264 @ 0x5b34afa2b780] non-existing PPS 0 referenced
[h264 @ 0x5b34afa2b780] decode_slice_header error
[h264 @ 0x5b34afa2b780] non-existing PPS 0 referenced
[h264 @ 0x5b34afa2b780] decode_slice_header error
[h264 @ 0x5b34afa2b780] non-existing PPS 0 referenced
[h264 @ 0x5b34afa2b780] decode_slice_header error
[h264 @ 0x5b34afa2b780] non-existing PPS 0 referenced
[h264 @ 0x5b34afa2b780] decode_slice_header error
[h264 @ 0x5b34afa2b780] non-existing PPS 0 referenced
[h264 @ 0x5b34afa2b780] decode_slice_header error
[h264 @ 0x5b34afa2b780] non-existing PPS 0 referenced
[h264 @ 0x5b34afa2b780] decode_slice_header error
[h264 @ 0x5b34afa2b780] non-existing PPS 0 referenced
[h264 @ 0x5b34afa2b780] decode_slice_header error
[h264 @ 0x5b34afa2b780] non-existing PPS 0 referenced
[h264 @ 0x5b34afa2b780] decode_slice_header error
[h264 @ 0x5b34afa2b780] no frame!
[h264 @ 0x5b34afa2b780] sps_id 0 out of range
[h264 @ 0x5b34afa2b780] non-existing PPS 0 referenced
[h264 @ 0x5b34afa2b780] sps_id 0 out of range
[h264 @ 0x5b34afa2b780] non-existing PPS 0 referenced
[h264 @ 0x5b34afa2b780] decode_slice_header error
[h264 @ 0x5b34afa2b780] non-existing PPS 0 referenced
[h264 @ 0x5b34afa2b780] decode_slice_header error
[h264 @ 0x5b34afa2b780] non-existing PPS 0 referenced
[h264 @ 0x5b34afa2b780] decode_slice_header error
[h264 @ 0x5b34afa2b780] non-existing PPS 0 referenced
[h264 @ 0x5b34afa2b780] decode_slice_header error
[h264 @ 0x5b34afa2b780] non-existing PPS 0 referenced
[h264 @ 0x5b34afa2b780] decode_slice_header error
[h264 @ 0x5b34afa2b780] non-existing PPS 0 referenced
[h264 @ 0x5b34afa2b780] decode_slice_header error
[h264 @ 0x5b34afa2b780] non-existing PPS 0 referenced
[h264 @ 0x5b34afa2b780] decode_slice_header error
[h264 @ 0x5b34afa2b780] non-existing PPS 0 referenced
[h264 @ 0x5b34afa2b780] decode_slice_header error
[h264 @ 0x5b34afa2b780] non-existing PPS 0 referenced
[h264 @ 0x5b34afa2b780] decode_slice_header error
[h264 @ 0x5b34afa2b780] no frame!
[h264 @ 0x5b34afa2b780] sps_id 0 out of range
[h264 @ 0x5b34afa2b780] non-existing PPS 0 referenced
[h264 @ 0x5b34afa2b780] sps_id 0 out of range
[h264 @ 0x5b34afa2b780] non-existing PPS 0 referenced
[h264 @ 0x5b34afa2b780] decode_slice_header error
[h264 @ 0x5b34afa2b780] non-existing PPS 0 referenced
[h264 @ 0x5b34afa2b780] decode_slice_header error
[h264 @ 0x5b34afa2b780] non-existing PPS 0 referenced
[h264 @ 0x5b34afa2b780] decode_slice_header error
[h264 @ 0x5b34afa2b780] non-existing PPS 0 referenced
[h264 @ 0x5b34afa2b780] decode_slice_header error
[h264 @ 0x5b34afa2b780] non-existing PPS 0 referenced
[h264 @ 0x5b34afa2b780] decode_slice_header error
[h264 @ 0x5b34afa2b780] non-existing PPS 0 referenced
[h264 @ 0x5b34afa2b780] decode_slice_header error
[h264 @ 0x5b34afa2b780] non-existing PPS 0 referenced
[h264 @ 0x5b34afa2b780] decode_slice_header error
[h264 @ 0x5b34afa2b780] non-existing PPS 0 referenced
[h264 @ 0x5b34afa2b780] decode_slice_header error
[h264 @ 0x5b34afa2b780] non-existing PPS 0 referenced
[h264 @ 0x5b34afa2b780] decode_slice_header error
[h264 @ 0x5b34afa2b780] no frame!
[h264 @ 0x5b34afa2b780] sps_id 0 out of range
[h264 @ 0x5b34afa2b780] non-existing PPS 0 referenced
[h264 @ 0x5b34afa2b780] sps_id 0 out of range
[h264 @ 0x5b34afa2b780] non-existing PPS 0 referenced
[h264 @ 0x5b34afa2b780] decode_slice_header error
[h264 @ 0x5b34afa2b780] non-existing PPS 0 referenced
[h264 @ 0x5b34afa2b780] decode_slice_header error
[h264 @ 0x5b34afa2b780] non-existing PPS 0 referenced
[h264 @ 0x5b34afa2b780] decode_slice_header error
[h264 @ 0x5b34afa2b780] non-existing PPS 0 referenced
[h264 @ 0x5b34afa2b780] decode_slice_header error
[h264 @ 0x5b34afa2b780] non-existing PPS 0 referenced
[h264 @ 0x5b34afa2b780] decode_slice_header error
[h264 @ 0x5b34afa2b780] non-existing PPS 0 referenced
[h264 @ 0x5b34afa2b780] decode_slice_header error
[h264 @ 0x5b34afa2b780] non-existing PPS 0 referenced
[h264 @ 0x5b34afa2b780] decode_slice_header error
[h264 @ 0x5b34afa2b780] non-existing PPS 0 referenced
[h264 @ 0x5b34afa2b780] decode_slice_header error
[h264 @ 0x5b34afa2b780] non-existing PPS 0 referenced
[h264 @ 0x5b34afa2b780] decode_slice_header error
[h264 @ 0x5b34afa2b780] no frame!
[h264 @ 0x5b34afa2b780] sps_id 0 out of range
[h264 @ 0x5b34afa2b780] non-existing PPS 0 referenced
[h264 @ 0x5b34afa2b780] sps_id 0 out of range
[h264 @ 0x5b34afa2b780] non-existing PPS 0 referenced
[h264 @ 0x5b34afa2b780] decode_slice_header error
[h264 @ 0x5b34afa2b780] non-existing PPS 0 referenced
[h264 @ 0x5b34afa2b780] decode_slice_header error
[h264 @ 0x5b34afa2b780] non-existing PPS 0 referenced
[h264 @ 0x5b34afa2b780] decode_slice_header error
[h264 @ 0x5b34afa2b780] non-existing PPS 0 referenced
[h264 @ 0x5b34afa2b780] decode_slice_header error
[h264 @ 0x5b34afa2b780] non-existing PPS 0 referenced
[h264 @ 0x5b34afa2b780] decode_slice_header error
[h264 @ 0x5b34afa2b780] non-existing PPS 0 referenced
[h264 @ 0x5b34afa2b780] decode_slice_header error
[h264 @ 0x5b34afa2b780] non-existing PPS 0 referenced
[h264 @ 0x5b34afa2b780] decode_slice_header error
[h264 @ 0x5b34afa2b780] non-existing PPS 0 referenced
[h264 @ 0x5b34afa2b780] decode_slice_header error
[h264 @ 0x5b34afa2b780] non-existing PPS 0 referenced
[h264 @ 0x5b34afa2b780] decode_slice_header error
[h264 @ 0x5b34afa2b780] no frame!
ffmpeg stats and -progress period set to 10.
Input #0, mpegts, from 'http://ace2:6878/ace/getstream?id=413372a3f4711cb988ec6555a57b3e05a3f79ff8':
  Duration: N/A, start: 77584.223467, bitrate: N/A
  Program 1 
  Stream #0:0[0x1e1]: Video: h264 (Main) ([27][0][0][0] / 0x001B), yuv420p(tv, smpte170m, progressive), 1024x576 [SAR 1:1 DAR 16:9], 25 fps, 25 tbr, 90k tbn
  Stream #0:1[0x1e2](und): Audio: aac (LC) ([15][0][0][0] / 0x000F), 48000 Hz, stereo, fltp, 95 kb/s
Stream mapping:
  Stream #0:0 -> #0:0 (copy)
  Stream #0:1 -> #0:1 (aac (native) -> aac (native))
Press [q] to stop, [?] for help
Output #0, flv, to 'rtmp://nginx-rtmp:1935/hls/ch2':
  Metadata:
    encoder         : Lavf61.7.100
  Stream #0:0: Video: h264 (Main) ([7][0][0][0] / 0x0007), yuv420p(tv, smpte170m, progressive), 1024x576 [SAR 1:1 DAR 16:9], q=2-31, 25 fps, 25 tbr, 1k tbn
  Stream #0:1(und): Audio: aac (LC) ([10][0][0][0] / 0x000A), 48000 Hz, stereo, fltp, 128 kb/s
      Metadata:
        encoder         : Lavc61.19.101 aac
frame=  264 fps= 26 q=-1.0 size=    4285KiB time=00:00:09.39 bitrate=3737.6kbits/s speed=0.939x    frame=  514 fps= 26 q=-1.0 size=    8631KiB time=00:00:19.41 bitrate=3641.4kbits/s speed=0.971x    frame=  764 fps= 25 q=-1.0 size=   13282KiB time=00:00:29.97 bitrate=3629.5kbits/s speed=0.999x    frame= 1014 fps= 25 q=-1.0 size=   17619KiB time=00:00:39.38 bitrate=3664.6kbits/s speed=0.985x    frame= 1264 fps= 25 q=-1.0 size=   22105KiB time=00:00:49.41 bitrate=3664.8kbits/s speed=0.988x    frame= 1514 fps= 25 q=-1.0 size=   26791KiB time=00:00:59.97 bitrate=3659.6kbits/s speed=   1x    frame= 1764 fps= 25 q=-1.0 size=   31121KiB time=00:01:09.63 bitrate=3661.1kbits/s speed=0.995x    frame= 2014 fps= 25 q=-1.0 size=   35547KiB time=00:01:19.51 bitrate=3662.3kbits/s speed=0.994x    frame= 2264 fps= 25 q=-1.0 size=   40062KiB time=00:01:29.96 bitrate=3647.9kbits/s speed=   1x    frame= 2514 fps= 25 q=-1.0 size=   44317KiB time=00:01:39.54 bitrate=3647.1kbits/s speed=0.995x    [out#0/flv @ 0x5e667d474bc0] video:47287KiB audio:1768KiB subtitle:0KiB other streams:0KiB global headers:0KiB muxing overhead: 0.284393%
frame= 2764 fps= 25 q=-1.0 Lsize=   49194KiB time=00:01:49.38 bitrate=3684.4kbits/s speed=0.994x    
[aac @ 0x5e667d473180] Qavg: 603.157
Exiting normally, received signal 15.
ffmpeg stats and -progress period set to 10.
Input #0, mpegts, from 'http://ace2:6878/ace/getstream?id=413372a3f4711cb988ec6555a57b3e05a3f79ff8':
  Duration: N/A, start: 80002.223467, bitrate: N/A
  Program 1 
  Stream #0:0[0x1e1]: Video: h264 (Main) ([27][0][0][0] / 0x001B), yuv420p(tv, smpte170m, progressive), 1024x576 [SAR 1:1 DAR 16:9], 25 fps, 25 tbr, 90k tbn
  Stream #0:1[0x1e2](und): Audio: aac (LC) ([15][0][0][0] / 0x000F), 48000 Hz, stereo, fltp, 95 kb/s
Stream mapping:
  Stream #0:0 -> #0:0 (copy)
  Stream #0:1 -> #0:1 (aac (native) -> aac (native))
Press [q] to stop, [?] for help
Output #0, flv, to 'rtmp://nginx-rtmp:1935/hls/ch2':
  Metadata:
    encoder         : Lavf61.7.100
  Stream #0:0: Video: h264 (Main) ([7][0][0][0] / 0x0007), yuv420p(tv, smpte170m, progressive), 1024x576 [SAR 1:1 DAR 16:9], q=2-31, 25 fps, 25 tbr, 1k tbn
  Stream #0:1(und): Audio: aac (LC) ([10][0][0][0] / 0x000A), 48000 Hz, stereo, fltp, 128 kb/s
      Metadata:
        encoder         : Lavc61.19.101 aac
frame=  264 fps= 26 q=-1.0 size=    4132KiB time=00:00:09.28 bitrate=3644.0kbits/s speed=0.929x    frame=  514 fps= 26 q=-1.0 size=    8627KiB time=00:00:19.16 bitrate=3687.1kbits/s speed=0.958x    frame=  764 fps= 25 q=-1.0 size=   13433KiB time=00:00:29.96 bitrate=3673.0kbits/s speed=0.999x    frame= 1014 fps= 25 q=-1.0 size=   17672KiB time=00:00:39.56 bitrate=3659.4kbits/s speed=0.989x    frame= 1264 fps= 25 q=-1.0 size=   22081KiB time=00:00:49.41 bitrate=3660.5kbits/s speed=0.988x    frame= 1514 fps= 25 q=-1.0 size=   26783KiB time=00:00:59.97 bitrate=3658.2kbits/s speed=   1x    frame= 1764 fps= 25 q=-1.0 size=   30935KiB time=00:01:09.38 bitrate=3652.4kbits/s speed=0.991x    frame= 2014 fps= 25 q=-1.0 size=   35276KiB time=00:01:19.15 bitrate=3650.8kbits/s speed=0.989x    frame= 2264 fps= 25 q=-1.0 size=   40053KiB time=00:01:29.97 bitrate=3646.9kbits/s speed=   1x    frame= 2514 fps= 25 q=-1.0 size=   44380KiB time=00:01:39.55 bitrate=3652.1kbits/s speed=0.995x    frame= 2764 fps= 25 q=-1.0 size=   48969KiB time=00:01:49.68 bitrate=3657.4kbits/s speed=0.997x    frame= 3014 fps= 25 q=-1.0 size=   53354KiB time=00:01:59.96 bitrate=3643.3kbits/s speed=   1x    frame= 3264 fps= 25 q=-1.0 size=   57573KiB time=00:02:09.37 bitrate=3645.6kbits/s speed=0.995x    frame= 3514 fps= 25 q=-1.0 size=   62142KiB time=00:02:19.59 bitrate=3646.8kbits/s speed=0.997x    frame= 3764 fps= 25 q=-1.0 size=   66505KiB time=00:02:29.96 bitrate=3633.0kbits/s speed=   1x    frame= 4014 fps= 25 q=-1.0 size=   71002KiB time=00:02:39.30 bitrate=3651.2kbits/s speed=0.996x    frame= 4264 fps= 25 q=-1.0 size=   75370KiB time=00:02:49.33 bitrate=3646.3kbits/s speed=0.996x    frame= 4514 fps= 25 q=-1.0 size=   80014KiB time=00:02:59.97 bitrate=3642.0kbits/s speed=   1x    frame= 4764 fps= 25 q=-1.0 size=   84246KiB time=00:03:09.47 bitrate=3642.5kbits/s speed=0.997x    frame= 5014 fps= 25 q=-1.0 size=   88732KiB time=00:03:19.41 bitrate=3645.2kbits/s speed=0.997x    frame= 5264 fps= 25 q=-1.0 size=   93428KiB time=00:03:29.97 bitrate=3645.1kbits/s speed=   1x    frame= 5514 fps= 25 q=-1.0 size=   97671KiB time=00:03:39.46 bitrate=3645.8kbits/s speed=0.998x    frame= 5764 fps= 25 q=-1.0 size=  102185KiB time=00:03:49.51 bitrate=3647.3kbits/s speed=0.998x    frame= 6014 fps= 25 q=-1.0 size=  106736KiB time=00:03:59.96 bitrate=3643.8kbits/s speed=   1x    frame= 6264 fps= 25 q=-1.0 size=  110894KiB time=00:04:09.54 bitrate=3640.4kbits/s speed=0.998x    frame= 6514 fps= 25 q=-1.0 size=  115351KiB time=00:04:19.33 bitrate=3643.7kbits/s speed=0.997x    frame= 6764 fps= 25 q=-1.0 size=  120042KiB time=00:04:29.96 bitrate=3642.7kbits/s speed=   1x    frame= 7014 fps= 25 q=-1.0 size=  124280KiB time=00:04:39.47 bitrate=3642.9kbits/s speed=0.998x    frame= 7264 fps= 25 q=-1.0 size=  128656KiB time=00:04:49.24 bitrate=3643.8kbits/s speed=0.997x    frame= 7514 fps= 25 q=-1.0 size=  133371KiB time=00:04:59.97 bitrate=3642.2kbits/s speed=   1x    frame= 7764 fps= 25 q=-1.0 size=  137641KiB time=00:05:09.38 bitrate=3644.5kbits/s speed=0.998x    frame= 8014 fps= 25 q=-1.0 size=  142181KiB time=00:05:19.41 bitrate=3646.5kbits/s speed=0.998x    frame= 8264 fps= 25 q=-1.0 size=  146784KiB time=00:05:29.97 bitrate=3644.1kbits/s speed=   1x    frame= 8514 fps= 25 q=-1.0 size=  150899KiB time=00:05:39.38 bitrate=3642.4kbits/s speed=0.998x    frame= 8764 fps= 25 q=-1.0 size=  155350KiB time=00:05:49.25 bitrate=3643.8kbits/s speed=0.998x    frame= 9014 fps= 25 q=-1.0 size=  159989KiB time=00:05:59.96 bitrate=3641.0kbits/s speed=   1x    frame= 9264 fps= 25 q=-1.0 size=  164188KiB time=00:06:09.28 bitrate=3642.2kbits/s speed=0.998x    frame= 9514 fps= 25 q=-1.0 size=  168793KiB time=00:06:19.42 bitrate=3644.4kbits/s speed=0.998x    frame= 9764 fps= 25 q=-1.0 size=  173416KiB time=00:06:29.96 bitrate=3643.0kbits/s speed=   1x    frame=10014 fps= 25 q=-1.0 size=  177692KiB time=00:06:39.47 bitrate=3643.9kbits/s speed=0.999x    frame=10264 fps= 25 q=-1.0 size=  182128KiB time=00:06:49.41 bitrate=3644.2kbits/s speed=0.999x    frame=10514 fps= 25 q=-1.0 size=  186736KiB time=00:06:59.97 bitrate=3642.4kbits/s speed=   1x    frame=10764 fps= 25 q=-1.0 size=  191202KiB time=00:07:09.55 bitrate=3646.4kbits/s speed=0.999x    frame=11014 fps= 25 q=-1.0 size=  195628KiB time=00:07:19.66 bitrate=3645.0kbits/s speed=0.999x    frame=11264 fps= 25 q=-1.0 size=  200274KiB time=00:07:29.97 bitrate=3646.1kbits/s speed=   1x    frame=11514 fps= 25 q=-1.0 size=  204790KiB time=00:07:39.89 bitrate=3647.9kbits/s speed=   1x    frame=11764 fps= 25 q=-1.0 size=  208999KiB time=00:07:49.68 bitrate=3645.3kbits/s speed=0.999x    frame=12014 fps= 25 q=-1.0 size=  213450KiB time=00:07:59.96 bitrate=3643.1kbits/s speed=   1x    frame=12264 fps= 25 q=-1.0 size=  217669KiB time=00:08:09.54 bitrate=3642.4kbits/s speed=0.999x    frame=12514 fps= 25 q=-1.0 size=  222239KiB time=00:08:19.50 bitrate=3644.7kbits/s speed=0.999x    frame=12764 fps= 25 q=-1.0 size=  226793KiB time=00:08:29.96 bitrate=3643.2kbits/s speed=   1x    frame=13014 fps= 25 q=-1.0 size=  231058KiB time=00:08:39.39 bitrate=3644.3kbits/s speed=0.999x    frame=13264 fps= 25 q=-1.0 size=  235482KiB time=00:08:49.41 bitrate=3643.8kbits/s speed=0.999x    frame=13514 fps= 25 q=-1.0 size=  240132KiB time=00:08:59.97 bitrate=3643.0kbits/s speed=   1x    frame=13764 fps= 25 q=-1.0 size=  244360KiB time=00:09:09.47 bitrate=3643.1kbits/s speed=0.999x    frame=14014 fps= 25 q=-1.0 size=  248979KiB time=00:09:19.66 bitrate=3644.4kbits/s speed=0.999x    frame=14264 fps= 25 q=-1.0 size=  253445KiB time=00:09:29.97 bitrate=3642.7kbits/s speed=   1x    frame=14514 fps= 25 q=-1.0 size=  257630KiB time=00:09:39.46 bitrate=3642.2kbits/s speed=0.999x    frame=14764 fps= 25 q=-1.0 size=  262066KiB time=00:09:49.34 bitrate=3642.8kbits/s speed=0.999x    frame=15014 fps= 25 q=-1.0 size=  266780KiB time=00:09:59.96 bitrate=3642.6kbits/s speed=   1x    frame=15264 fps= 25 q=-1.0 size=  270917KiB time=00:10:09.37 bitrate=3642.0kbits/s speed=0.999x    frame=15514 fps= 25 q=-1.0 size=  275596KiB time=00:10:19.59 bitrate=3643.8kbits/s speed=0.999x    frame=15764 fps= 25 q=-1.0 size=  280138KiB time=00:10:29.96 bitrate=3642.9kbits/s speed=   1x    frame=16014 fps= 25 q=-1.0 size=  284392KiB time=00:10:39.30 bitrate=3644.2kbits/s speed=0.999x    frame=16264 fps= 25 q=-1.0 size=  288774KiB time=00:10:49.41 bitrate=3642.7kbits/s speed=0.999x    frame=16514 fps= 25 q=-1.0 size=  293333KiB time=00:10:59.97 bitrate=3641.0kbits/s speed=   1x    frame=16764 fps= 25 q=-1.0 size=  297645KiB time=00:11:09.38 bitrate=3642.6kbits/s speed=0.999x    frame=17014 fps= 25 q=-1.0 size=  302053KiB time=00:11:19.32 bitrate=3642.5kbits/s speed=0.999x    frame=17264 fps= 25 q=-1.0 size=  306893KiB time=00:11:29.97 bitrate=3643.7kbits/s speed=   1x    frame=17514 fps= 25 q=-1.0 size=  310982KiB time=00:11:39.29 bitrate=3643.1kbits/s speed=0.999x    frame=17764 fps= 25 q=-1.0 size=  315180KiB time=00:11:49.17 bitrate=3640.8kbits/s speed=0.999x    frame=18014 fps= 25 q=-1.0 size=  320119KiB time=00:11:59.96 bitrate=3642.4kbits/s speed=   1x    frame=18264 fps= 25 q=-1.0 size=  324159KiB time=00:12:09.28 bitrate=3641.2kbits/s speed=0.999x    frame=18514 fps= 25 q=-1.0 size=  328745KiB time=00:12:19.25 bitrate=3643.0kbits/s speed=0.999x    frame=18764 fps= 25 q=-1.0 size=  333514KiB time=00:12:29.96 bitrate=3643.1kbits/s speed=   1x    frame=19014 fps= 25 q=-1.0 size=  337692KiB time=00:12:39.39 bitrate=3642.9kbits/s speed=0.999x    [out#0/flv @ 0x62d7259d4bc0] video:329415KiB audio:12254KiB subtitle:0KiB other streams:0KiB global headers:0KiB muxing overhead: 0.285494%
frame=19264 fps= 25 q=-1.0 Lsize=  342644KiB time=00:12:49.46 bitrate=3647.9kbits/s speed=0.999x    
[aac @ 0x62d7259d3180] Qavg: 698.106
Exiting normally, received signal 15.
ffmpeg stats and -progress period set to 10.
[h264 @ 0x57063140f1c0] non-existing SPS 0 referenced in buffering period
    Last message repeated 1 times
Input #0, mpegts, from 'http://ace2:6878/ace/getstream?id=d47c7365f67b9b8169404e1c4d86fd698307fa15':
  Duration: N/A, start: 58488.476633, bitrate: N/A
  Program 1 
    Metadata:
      service_name    :  HD RU
      service_provider: FFmpeg
  Stream #0:0[0xdd]: Audio: aac (LC) ([15][0][0][0] / 0x000F), 48000 Hz, stereo, fltp, 127 kb/s
  Stream #0:1[0xd3]: Video: h264 (High) ([27][0][0][0] / 0x001B), yuv420p(progressive), 1920x1080 [SAR 1:1 DAR 16:9], 25 fps, 25 tbr, 90k tbn
Stream mapping:
  Stream #0:1 -> #0:0 (copy)
  Stream #0:0 -> #0:1 (aac (native) -> aac (native))
Press [q] to stop, [?] for help
Output #0, flv, to 'rtmp://nginx-rtmp:1935/hls/ch2':
  Metadata:
    encoder         : Lavf61.7.100
  Stream #0:0: Video: h264 (High) ([7][0][0][0] / 0x0007), yuv420p(progressive), 1920x1080 [SAR 1:1 DAR 16:9], q=2-31, 25 fps, 25 tbr, 1k tbn
  Stream #0:1: Audio: aac (LC) ([10][0][0][0] / 0x000A), 48000 Hz, stereo, fltp, 128 kb/s
      Metadata:
        encoder         : Lavc61.19.101 aac
frame=  263 fps= 26 q=-1.0 size=    5309KiB time=00:00:10.49 bitrate=4143.5kbits/s speed=1.05x    [out#0/flv @ 0x57063149b9c0] video:10111KiB audio:322KiB subtitle:0KiB other streams:0KiB global headers:0KiB muxing overhead: 0.263022%
frame=  512 fps= 26 q=-1.0 Lsize=   10461KiB time=00:00:20.48 bitrate=4183.4kbits/s speed=1.02x    
[aac @ 0x57063140f1c0] Qavg: 821.075
Exiting normally, received signal 15.
ffmpeg stats and -progress period set to 10.
Input #0, mpegts, from 'http://ace2:6878/ace/getstream?id=cea91223b71f59122e895c599d507e470cf2b062':
  Duration: N/A, start: 75506.162033, bitrate: N/A
  Program 1 
    Metadata:
      service_name    :  (+2)
      service_provider: Rostelecom M7
  Stream #0:0[0x6e](rus): Audio: aac (LC) ([15][0][0][0] / 0x000F), 48000 Hz, stereo, fltp, 127 kb/s
  Stream #0:1[0x65]: Video: h264 (High) ([27][0][0][0] / 0x001B), yuv420p(tv, bt470bg, progressive), 800x450 [SAR 45:44 DAR 20:11], 25 fps, 25 tbr, 90k tbn
Stream mapping:
  Stream #0:1 -> #0:0 (copy)
  Stream #0:0 -> #0:1 (aac (native) -> aac (native))
Press [q] to stop, [?] for help
Output #0, flv, to 'rtmp://nginx-rtmp:1935/hls/ch2':
  Metadata:
    encoder         : Lavf61.7.100
  Stream #0:0: Video: h264 (High) ([7][0][0][0] / 0x0007), yuv420p(tv, bt470bg, progressive), 800x450 [SAR 45:44 DAR 20:11], q=2-31, 25 fps, 25 tbr, 1k tbn
  Stream #0:1(rus): Audio: aac (LC) ([10][0][0][0] / 0x000A), 48000 Hz, stereo, fltp, 128 kb/s
      Metadata:
        encoder         : Lavc61.19.101 aac
frame=  263 fps= 26 q=-1.0 size=    2307KiB time=00:00:10.49 bitrate=1800.9kbits/s speed=1.05x    frame=  449 fps= 22 q=-1.0 size=    4044KiB time=00:00:17.95 bitrate=1845.0kbits/s speed=0.898x    frame=  735 fps= 24 q=-1.0 size=    6220KiB time=00:00:28.48 bitrate=1789.0kbits/s speed=0.949x    frame=  899 fps= 22 q=-1.0 size=    7895KiB time=00:00:35.95 bitrate=1798.8kbits/s speed=0.899x    frame= 1199 fps= 24 q=-1.0 size=   10610KiB time=00:00:47.95 bitrate=1812.5kbits/s speed=0.959x    frame= 1454 fps= 24 q=-1.0 size=   12619KiB time=00:00:57.17 bitrate=1808.2kbits/s speed=0.953x    frame= 1763 fps= 25 q=-1.0 size=   15484KiB time=00:01:10.48 bitrate=1799.6kbits/s speed=1.01x    frame= 2012 fps= 25 q=-1.0 size=   17695KiB time=00:01:20.46 bitrate=1801.4kbits/s speed=1.01x    frame= 2249 fps= 25 q=-1.0 size=   19920KiB time=00:01:29.95 bitrate=1814.1kbits/s speed=0.999x    frame= 2513 fps= 25 q=-1.0 size=   22375KiB time=00:01:40.48 bitrate=1824.2kbits/s speed=   1x    frame= 2762 fps= 25 q=-1.0 size=   24273KiB time=00:01:50.46 bitrate=1800.1kbits/s speed=   1x    frame= 2999 fps= 25 q=-1.0 size=   26539KiB time=00:01:59.95 bitrate=1812.5kbits/s speed=   1x    frame= 3263 fps= 25 q=-1.0 size=   28731KiB time=00:02:10.47 bitrate=1803.9kbits/s speed=   1x    frame= 3513 fps= 25 q=-1.0 size=   30919KiB time=00:02:20.50 bitrate=1802.7kbits/s speed=   1x    frame= 3763 fps= 25 q=-1.0 size=   33209KiB time=00:02:30.48 bitrate=1807.8kbits/s speed=   1x    frame= 4012 fps= 25 q=-1.0 size=   35622KiB time=00:02:40.46 bitrate=1818.5kbits/s speed=   1x    frame= 4263 fps= 25 q=-1.0 size=   37882KiB time=00:02:50.49 bitrate=1820.2kbits/s speed=   1x    frame= 4513 fps= 25 q=-1.0 size=   39870KiB time=00:03:00.48 bitrate=1809.7kbits/s speed=   1x    frame= 4762 fps= 25 q=-1.0 size=   42231KiB time=00:03:10.46 bitrate=1816.4kbits/s speed=   1x    frame= 5013 fps= 25 q=-1.0 size=   43105KiB time=00:03:20.49 bitrate=1761.2kbits/s speed=   1x    frame= 5262 fps= 25 q=-1.0 size=   44046KiB time=00:03:30.47 bitrate=1714.3kbits/s speed=   1x    frame= 5513 fps= 25 q=-1.0 size=   46547KiB time=00:03:40.50 bitrate=1729.3kbits/s speed=   1x    frame= 5763 fps= 25 q=-1.0 size=   48567KiB time=00:03:50.48 bitrate=1726.2kbits/s speed=   1x    frame= 6012 fps= 25 q=-1.0 size=   50710KiB time=00:04:00.46 bitrate=1727.5kbits/s speed=   1x    frame= 6263 fps= 25 q=-1.0 size=   52570KiB time=00:04:10.49 bitrate=1719.2kbits/s speed=   1x    frame= 6513 fps= 25 q=-1.0 size=   54642KiB time=00:04:20.48 bitrate=1718.5kbits/s speed=   1x    frame= 6762 fps= 25 q=-1.0 size=   56992KiB time=00:04:30.46 bitrate=1726.2kbits/s speed=   1x    frame= 7013 fps= 25 q=-1.0 size=   58603KiB time=00:04:40.49 bitrate=1711.6kbits/s speed=   1x    frame= 7263 fps= 25 q=-1.0 size=   60652KiB time=00:04:50.47 bitrate=1710.5kbits/s speed=   1x    frame= 7513 fps= 25 q=-1.0 size=   62732KiB time=00:05:00.50 bitrate=1710.1kbits/s speed=   1x    frame= 7763 fps= 25 q=-1.0 size=   64918KiB time=00:05:10.48 bitrate=1712.8kbits/s speed=   1x    frame= 8012 fps= 25 q=-1.0 size=   66929KiB time=00:05:20.46 bitrate=1710.9kbits/s speed=   1x    frame= 8249 fps= 25 q=-1.0 size=   69141KiB time=00:05:29.95 bitrate=1716.6kbits/s speed=   1x    frame= 8513 fps= 25 q=-1.0 size=   71317KiB time=00:05:40.48 bitrate=1715.9kbits/s speed=   1x    frame= 8763 fps= 25 q=-1.0 size=   73263KiB time=00:05:50.50 bitrate=1712.3kbits/s speed=   1x    frame= 9013 fps= 25 q=-1.0 size=   75298KiB time=00:06:00.49 bitrate=1711.1kbits/s speed=   1x    frame= 9263 fps= 25 q=-1.0 size=   77183KiB time=00:06:10.47 bitrate=1706.7kbits/s speed=   1x    frame= 9513 fps= 25 q=-1.0 size=   79431KiB time=00:06:20.50 bitrate=1710.1kbits/s speed=   1x    frame= 9763 fps= 25 q=-1.0 size=   81158KiB time=00:06:30.48 bitrate=1702.6kbits/s speed=   1x    frame=10012 fps= 25 q=-1.0 size=   83522KiB time=00:06:40.46 bitrate=1708.5kbits/s speed=   1x    frame=10263 fps= 25 q=-1.0 size=   85557KiB time=00:06:50.49 bitrate=1707.4kbits/s speed=   1x    frame=10513 fps= 25 q=-1.0 size=   87387KiB time=00:07:00.48 bitrate=1702.5kbits/s speed=   1x    frame=10763 fps= 25 q=-1.0 size=   89679KiB time=00:07:10.50 bitrate=1706.5kbits/s speed=   1x    frame=11013 fps= 25 q=-1.0 size=   91687KiB time=00:07:20.49 bitrate=1705.1kbits/s speed=   1x    frame=11263 fps= 25 q=-1.0 size=   94188KiB time=00:07:30.47 bitrate=1712.8kbits/s speed=   1x    frame=11513 fps= 25 q=-1.0 size=   96272KiB time=00:07:40.50 bitrate=1712.6kbits/s speed=   1x    frame=11763 fps= 25 q=-1.0 size=   98135KiB time=00:07:50.48 bitrate=1708.7kbits/s speed=   1x    frame=12012 fps= 25 q=-1.0 size=  100607KiB time=00:08:00.46 bitrate=1715.3kbits/s speed=   1x    frame=12263 fps= 25 q=-1.0 size=  102563KiB time=00:08:10.49 bitrate=1713.0kbits/s speed=   1x    frame=12513 fps= 25 q=-1.0 size=  104349KiB time=00:08:20.48 bitrate=1708.0kbits/s speed=   1x    frame=12762 fps= 25 q=-1.0 size=  105954KiB time=00:08:30.47 bitrate=1700.3kbits/s speed=   1x    frame=13013 fps= 25 q=-1.0 size=  107819KiB time=00:08:40.49 bitrate=1697.0kbits/s speed=   1x    frame=13263 fps= 25 q=-1.0 size=  109856KiB time=00:08:50.47 bitrate=1696.5kbits/s speed=   1x    frame=13513 fps= 25 q=-1.0 size=  112006KiB time=00:09:00.50 bitrate=1697.6kbits/s speed=   1x    frame=13763 fps= 25 q=-1.0 size=  114312KiB time=00:09:10.48 bitrate=1701.1kbits/s speed=   1x    frame=14013 fps= 25 q=-1.0 size=  116441KiB time=00:09:20.49 bitrate=1701.9kbits/s speed=   1x    frame=14263 fps= 25 q=-1.0 size=  118485KiB time=00:09:30.49 bitrate=1701.4kbits/s speed=   1x    frame=14513 fps= 25 q=-1.0 size=  120130KiB time=00:09:40.48 bitrate=1695.3kbits/s speed=   1x    frame=14763 fps= 25 q=-1.0 size=  122174KiB time=00:09:50.50 bitrate=1694.9kbits/s speed=   1x    frame=15013 fps= 25 q=-1.0 size=  124299KiB time=00:10:00.49 bitrate=1695.7kbits/s speed=   1x    frame=15263 fps= 25 q=-1.0 size=  126587KiB time=00:10:10.47 bitrate=1698.7kbits/s speed=   1x    frame=15513 fps= 25 q=-1.0 size=  128814KiB time=00:10:20.50 bitrate=1700.6kbits/s speed=   1x    frame=15763 fps= 25 q=-1.0 size=  130906KiB time=00:10:30.48 bitrate=1700.9kbits/s speed=   1x    frame=16014 fps= 25 q=-1.0 size=  133131KiB time=00:10:40.51 bitrate=1702.7kbits/s speed=   1x    frame=16263 fps= 25 q=-1.0 size=  134994KiB time=00:10:50.49 bitrate=1700.0kbits/s speed=   1x    frame=16513 fps= 25 q=-1.0 size=  137321KiB time=00:11:00.48 bitrate=1703.2kbits/s speed=   1x    frame=16763 fps= 25 q=-1.0 size=  139334KiB time=00:11:10.50 bitrate=1702.3kbits/s speed=   1x    frame=17013 fps= 25 q=-1.0 size=  141267KiB time=00:11:20.49 bitrate=1700.6kbits/s speed=   1x    frame=17263 fps= 25 q=-1.0 size=  143478KiB time=00:11:30.47 bitrate=1702.3kbits/s speed=   1x    frame=17513 fps= 25 q=-1.0 size=  145313KiB time=00:11:40.50 bitrate=1699.4kbits/s speed=   1x    frame=17763 fps= 25 q=-1.0 size=  147207KiB time=00:11:50.48 bitrate=1697.3kbits/s speed=   1x    frame=18014 fps= 25 q=-1.0 size=  149176KiB time=00:12:00.51 bitrate=1696.1kbits/s speed=   1x    frame=18263 fps= 25 q=-1.0 size=  151537KiB time=00:12:10.49 bitrate=1699.4kbits/s speed=   1x    frame=18513 fps= 25 q=-1.0 size=  153850KiB time=00:12:20.48 bitrate=1702.1kbits/s speed=   1x    frame=18763 fps= 25 q=-1.0 size=  156295KiB time=00:12:30.50 bitrate=1706.0kbits/s speed=   1x    frame=19013 fps= 25 q=-1.0 size=  158175KiB time=00:12:40.49 bitrate=1703.9kbits/s speed=   1x    frame=19264 fps= 25 q=-1.0 size=  160283KiB time=00:12:50.47 bitrate=1704.2kbits/s speed=   1x    frame=19513 fps= 25 q=-1.0 size=  162270KiB time=00:13:00.50 bitrate=1703.2kbits/s speed=   1x    frame=19763 fps= 25 q=-1.0 size=  164717KiB time=00:13:10.48 bitrate=1707.0kbits/s speed=   1x    frame=20014 fps= 25 q=-1.0 size=  167015KiB time=00:13:20.51 bitrate=1709.1kbits/s speed=   1x    frame=20263 fps= 25 q=-1.0 size=  167726KiB time=00:13:30.49 bitrate=1695.3kbits/s speed=   1x    frame=20513 fps= 25 q=-1.0 size=  169525KiB time=00:13:40.48 bitrate=1692.6kbits/s speed=   1x    frame=20763 fps= 25 q=-1.0 size=  171761KiB time=00:13:50.50 bitrate=1694.2kbits/s speed=   1x    frame=21013 fps= 25 q=-1.0 size=  173695KiB time=00:14:00.49 bitrate=1693.0kbits/s speed=   1x    frame=21263 fps= 25 q=-1.0 size=  175960KiB time=00:14:10.51 bitrate=1694.8kbits/s speed=   1x    frame=21513 fps= 25 q=-1.0 size=  178210KiB time=00:14:20.50 bitrate=1696.6kbits/s speed=   1x    frame=21763 fps= 25 q=-1.0 size=  179954KiB time=00:14:30.48 bitrate=1693.5kbits/s speed=   1x    frame=22014 fps= 25 q=-1.0 size=  182254KiB time=00:14:40.51 bitrate=1695.6kbits/s speed=   1x    frame=22263 fps= 25 q=-1.0 size=  184146KiB time=00:14:50.49 bitrate=1694.0kbits/s speed=   1x    frame=22513 fps= 25 q=-1.0 size=  186128KiB time=00:15:00.48 bitrate=1693.3kbits/s speed=   1x    frame=22763 fps= 25 q=-1.0 size=  188117KiB time=00:15:10.50 bitrate=1692.5kbits/s speed=   1x    frame=23013 fps= 25 q=-1.0 size=  190003KiB time=00:15:20.49 bitrate=1691.0kbits/s speed=   1x    frame=23264 fps= 25 q=-1.0 size=  192394KiB time=00:15:30.51 bitrate=1693.8kbits/s speed=   1x    frame=23513 fps= 25 q=-1.0 size=  194580KiB time=00:15:40.50 bitrate=1694.8kbits/s speed=   1x    frame=23763 fps= 25 q=-1.0 size=  196222KiB time=00:15:50.48 bitrate=1691.2kbits/s speed=   1x    frame=24014 fps= 25 q=-1.0 size=  197921KiB time=00:16:00.51 bitrate=1688.0kbits/s speed=   1x    frame=24263 fps= 25 q=-1.0 size=  199980KiB time=00:16:10.49 bitrate=1688.0kbits/s speed=   1x    frame=24514 fps= 25 q=-1.0 size=  202175KiB time=00:16:20.48 bitrate=1689.2kbits/s speed=   1x    frame=24763 fps= 25 q=-1.0 size=  203732KiB time=00:16:30.50 bitrate=1685.0kbits/s speed=   1x    frame=25013 fps= 25 q=-1.0 size=  205530KiB time=00:16:40.49 bitrate=1682.9kbits/s speed=   1x    frame=25264 fps= 25 q=-1.0 size=  207057KiB time=00:16:50.51 bitrate=1678.6kbits/s speed=   1x    frame=25513 fps= 25 q=-1.0 size=  208844KiB time=00:17:00.50 bitrate=1676.5kbits/s speed=   1x    frame=25763 fps= 25 q=-1.0 size=  210701KiB time=00:17:10.48 bitrate=1675.0kbits/s speed=   1x    frame=26014 fps= 25 q=-1.0 size=  213021KiB time=00:17:20.51 bitrate=1677.1kbits/s speed=   1x    frame=26263 fps= 25 q=-1.0 size=  214905KiB time=00:17:30.49 bitrate=1675.9kbits/s speed=   1x    frame=26514 fps= 25 q=-1.0 size=  216995KiB time=00:17:40.52 bitrate=1676.2kbits/s speed=   1x    frame=26763 fps= 25 q=-1.0 size=  218946KiB time=00:17:50.50 bitrate=1675.5kbits/s speed=   1x    frame=27013 fps= 25 q=-1.0 size=  221373KiB time=00:18:00.49 bitrate=1678.4kbits/s speed=   1x    frame=27264 fps= 25 q=-1.0 size=  223483KiB time=00:18:10.51 bitrate=1678.8kbits/s speed=   1x    frame=27513 fps= 25 q=-1.0 size=  225333KiB time=00:18:20.50 bitrate=1677.3kbits/s speed=   1x    frame=27763 fps= 25 q=-1.0 size=  226807KiB time=00:18:30.48 bitrate=1673.1kbits/s speed=   1x    [out#0/flv @ 0x5be0cf817080] video:209011KiB audio:17904KiB subtitle:0KiB other streams:0KiB global headers:0KiB muxing overhead: 0.650194%
frame=28014 fps= 25 q=-1.0 Lsize=  228391KiB time=00:18:40.55 bitrate=1669.7kbits/s speed=   1x    
[aac @ 0x5be0cf64c1c0] Qavg: 888.163
Exiting normally, received signal 15.
ffmpeg stats and -progress period set to 10.
[in#0 @ 0x6091db2d9ec0] Error opening input: Immediate exit requested
Error opening input file http://ace2:6878/ace/getstream?id=cea91223b71f59122e895c599d507e470cf2b062.
Exiting normally, received signal 15.
ffmpeg stats and -progress period set to 10.
Input #0, mpegts, from 'http://ace2:6878/ace/getstream?id=cea91223b71f59122e895c599d507e470cf2b062':
  Duration: N/A, start: 26146.193311, bitrate: N/A
  Program 1 
    Metadata:
      service_name    :  (+2)
      service_provider: Rostelecom M7
  Stream #0:0[0x6e](rus): Audio: aac (LC) ([15][0][0][0] / 0x000F), 48000 Hz, stereo, fltp, 127 kb/s
  Stream #0:1[0x65]: Video: h264 (High) ([27][0][0][0] / 0x001B), yuv420p(tv, bt470bg, progressive), 800x450 [SAR 45:44 DAR 20:11], 25 fps, 25 tbr, 90k tbn
Stream mapping:
  Stream #0:1 -> #0:0 (copy)
  Stream #0:0 -> #0:1 (aac (native) -> aac (native))
Press [q] to stop, [?] for help
Output #0, flv, to 'rtmp://nginx-rtmp:1935/hls/ch2':
  Metadata:
    encoder         : Lavf61.7.100
  Stream #0:0: Video: h264 (High) ([7][0][0][0] / 0x0007), yuv420p(tv, bt470bg, progressive), 800x450 [SAR 45:44 DAR 20:11], q=2-31, 25 fps, 25 tbr, 1k tbn
  Stream #0:1(rus): Audio: aac (LC) ([10][0][0][0] / 0x000A), 48000 Hz, stereo, fltp, 128 kb/s
      Metadata:
        encoder         : Lavc61.19.101 aac
frame=  264 fps= 26 q=-1.0 size=    2211KiB time=00:00:10.49 bitrate=1726.0kbits/s speed=1.05x    frame=  514 fps= 26 q=-1.0 size=    4334KiB time=00:00:20.48 bitrate=1733.7kbits/s speed=1.02x    frame=  763 fps= 25 q=-1.0 size=    6457KiB time=00:00:30.46 bitrate=1736.4kbits/s speed=1.02x    frame= 1014 fps= 25 q=-1.0 size=    8759KiB time=00:00:40.49 bitrate=1772.1kbits/s speed=1.01x    [out#0/flv @ 0x5d14f8e55580] video:9952KiB audio:803KiB subtitle:0KiB other streams:0KiB global headers:0KiB muxing overhead: 0.622169%
frame= 1263 fps= 25 q=-1.0 Lsize=   10822KiB time=00:00:50.48 bitrate=1756.1kbits/s speed=1.01x    
[aac @ 0x5d14f8e551c0] Qavg: 776.846
Exiting normally, received signal 15.
